

Microchip MPLAB XC8 Assembler V2.31 build 20201012212115 
                                                                                               Wed Feb 17 23:10:44 2021

Microchip MPLAB XC8 C Compiler v2.31 (Free license) build 20201012212115 Og1 
     1                           	processor	18F27Q43
     2                           	fnconf	rparam,??,?,0
     3                           	pagewidth 120
     4                           	opt	flic
     5                           	psect	cinit,global,reloc=2,class=CODE,delta=1
     6                           	psect	bssCOMRAM,global,class=COMRAM,space=1,delta=1,lowdata,noexec
     7                           	psect	cstackCOMRAM,global,class=COMRAM,space=1,delta=1,lowdata,noexec
     8                           	psect	text0,global,reloc=2,class=CODE,delta=1
     9                           	psect	text1,global,reloc=2,class=CODE,delta=1
    10                           	psect	text2,global,reloc=2,class=CODE,delta=1
    11                           	psect	text3,global,reloc=2,class=CODE,delta=1
    12                           	psect	text4,global,reloc=2,class=CODE,delta=1
    13                           	psect	text5,global,reloc=2,class=CODE,delta=1
    14                           	psect	text6,global,reloc=2,class=CODE,delta=1
    15                           	psect	intsave_regs,global,class=BIGRAM,space=1,delta=1,noexec
    16                           	psect	rparam,global,class=COMRAM,space=1,delta=1,noexec
    17                           	psect	idloc,global,abs,ovrld,class=IDLOC,space=5,delta=1,noexec
    18                           	psect	config,global,abs,ovrld,class=CONFIG,space=4,delta=1,noexec
    19  0000                     
    20                           ; Version 2.30
    21                           ; Generated 20/08/2020 GMT
    22                           ; 
    23                           ; Copyright © 2020, Microchip Technology Inc. and its subsidiaries ("Microchip")
    24                           ; All rights reserved.
    25                           ; 
    26                           ; This software is developed by Microchip Technology Inc. and its subsidiaries ("Microch
      +                          ip").
    27                           ; 
    28                           ; Redistribution and use in source and binary forms, with or without modification, are
    29                           ; permitted provided that the following conditions are met:
    30                           ; 
    31                           ;     1. Redistributions of source code must retain the above copyright notice, this lis
      +                          t of
    32                           ;        conditions and the following disclaimer.
    33                           ; 
    34                           ;     2. Redistributions in binary form must reproduce the above copyright notice, this 
      +                          list
    35                           ;        of conditions and the following disclaimer in the documentation and/or other
    36                           ;        materials provided with the distribution. Publication is not required when
    37                           ;        this file is used in an embedded application.
    38                           ; 
    39                           ;     3. Microchip's name may not be used to endorse or promote products derived from th
      +                          is
    40                           ;        software without specific prior written permission.
    41                           ; 
    42                           ; THIS SOFTWARE IS PROVIDED BY MICROCHIP "AS IS" AND ANY EXPRESS OR IMPLIED WARRANTIES,
    43                           ; INCLUDING, BUT NOT LIMITED TO, THE IMPLIED WARRANTIES OF MERCHANTABILITY AND FITNESS F
      +                          OR
    44                           ; PURPOSE ARE DISCLAIMED.  IN NO EVENT SHALL MICROCHIP BE LIABLE FOR ANY DIRECT, INDIREC
      +                          T,
    45                           ; INCIDENTAL, SPECIAL, EXEMPLARY, OR CONSEQUENTIAL DAMAGES (INCLUDING BUT NOT LIMITED TO
    46                           ; PROCUREMENT OF SUBSTITUTE GOODS OR SERVICES; LOSS OF USE, DATA OR PROFITS; OR BUSINESS
    47                           ; INTERRUPTION) HOWSOEVER CAUSED AND ON ANY THEORY OF LIABILITY, WHETHER IN CONTRACT, ST
      +                          RICT
    48                           ; LIABILITY, OR TORT (INCLUDING NEGLIGENCE OR OTHERWISE) ARISING IN ANY WAY OUT OF THE U
      +                          SE OF
    49                           ; THIS SOFTWARE, EVEN IF ADVISED OF THE POSSIBILITY OF SUCH DAMAGE.
    50                           ; 
    51                           ; 
    52                           ; Code-generator required, PIC18F27Q43 Definitions
    53                           ; 
    54                           ; SFR Addresses
    55  0000                     _ANSELA	set	1024
    56  0000                     _ANSELB	set	1032
    57  0000                     _LATA	set	1214
    58  0000                     _TRISA	set	1222
    59  0000                     _PORTB	set	1231
    60  0000                     _TRISB	set	1223
    61                           
    62                           ; #config settings
    63                           
    64                           	psect	cinit
    65  01FF0C                     __pcinit:
    66                           	callstack 0
    67  01FF0C                     start_initialization:
    68                           	callstack 0
    69  01FF0C                     __initialization:
    70                           	callstack 0
    71                           
    72                           ; Clear objects allocated to COMRAM (17 bytes)
    73  01FF0C  EE01  F101         	lfsr	0,__pbssCOMRAM
    74  01FF10  0E11               	movlw	17
    75  01FF12                     clear_0:
    76  01FF12  6AEE               	clrf	postinc0,c
    77  01FF14  06E8               	decf	wreg,f,c
    78  01FF16  E1FD               	bnz	clear_0
    79  01FF18                     end_of_initialization:
    80                           	callstack 0
    81  01FF18                     __end_of__initialization:
    82                           	callstack 0
    83  01FF18  0100               	movlb	0
    84  01FF1A  EFAE  F0FF         	goto	_main	;jump to C main() function
    85                           
    86                           	psect	bssCOMRAM
    87  000501                     __pbssCOMRAM:
    88                           	callstack 0
    89  000501                     _UserApp_u32Counter:
    90                           	callstack 0
    91  000501                     	ds	4
    92  000505                     _G_u32SystemFlags:
    93                           	callstack 0
    94  000505                     	ds	4
    95  000509                     _G_u32SystemTime1s:
    96                           	callstack 0
    97  000509                     	ds	4
    98  00050D                     _G_u32SystemTime1ms:
    99                           	callstack 0
   100  00050D                     	ds	4
   101  000511                     _G_u8UserAppFlags:
   102                           	callstack 0
   103  000511                     	ds	1
   104                           
   105                           	psect	cstackCOMRAM
   106  000512                     __pcstackCOMRAM:
   107                           	callstack 0
   108  000512                     UserAppRun@u32Counter:
   109                           	callstack 0
   110                           
   111                           ; 4 bytes @ 0x0
   112  000512                     	ds	4
   113  000516                     
   114                           ; 1 bytes @ 0x4
   115 ;;
   116 ;;Main: autosize = 0, tempsize = 0, incstack = 0, save=0
   117 ;;
   118 ;; *************** function _main *****************
   119 ;; Defined at:
   120 ;;		line 35 in file "main.c"
   121 ;; Parameters:    Size  Location     Type
   122 ;;		None
   123 ;; Auto vars:     Size  Location     Type
   124 ;;		None
   125 ;; Return value:  Size  Location     Type
   126 ;;                  1    wreg      void 
   127 ;; Registers used:
   128 ;;		wreg, status,2, status,0, cstack
   129 ;; Tracked objects:
   130 ;;		On entry : 0/0
   131 ;;		On exit  : 0/0
   132 ;;		Unchanged: 0/0
   133 ;; Data sizes:     COMRAM   BANK5   BANK6   BANK7   BANK8   BANK9  BANK10  BANK11  BANK12  BANK13  BANK14  BANK15  BANK1
      +6  BANK17  BANK18  BANK19  BANK20  BANK21  BANK22  BANK23  BANK24  BANK25  BANK26  BANK27  BANK28  BANK29  BANK30  BANK3
      +1  BANK32  BANK33  BANK34  BANK35  BANK36  BANK37
   134 ;;      Params:         0       0       0       0       0       0       0       0       0       0       0       0       
      +0       0       0       0       0       0       0       0       0       0       0       0       0       0       0       
      +0       0       0       0       0       0       0
   135 ;;      Locals:         0       0       0       0       0       0       0       0       0       0       0       0       
      +0       0       0       0       0       0       0       0       0       0       0       0       0       0       0       
      +0       0       0       0       0       0       0
   136 ;;      Temps:          0       0       0       0       0       0       0       0       0       0       0       0       
      +0       0       0       0       0       0       0       0       0       0       0       0       0       0       0       
      +0       0       0       0       0       0       0
   137 ;;      Totals:         0       0       0       0       0       0       0       0       0       0       0       0       
      +0       0       0       0       0       0       0       0       0       0       0       0       0       0       0       
      +0       0       0       0       0       0       0
   138 ;;Total ram usage:        0 bytes
   139 ;; Hardware stack levels required when called:    1
   140 ;; This function calls:
   141 ;;		_ClockSetup
   142 ;;		_GpioSetup
   143 ;;		_SysTickSetup
   144 ;;		_SystemSleep
   145 ;;		_UserAppInitialize
   146 ;;		_UserAppRun
   147 ;; This function is called by:
   148 ;;		Startup code after reset
   149 ;; This function uses a non-reentrant model
   150 ;;
   151                           
   152                           	psect	text0
   153  01FF5C                     __ptext0:
   154                           	callstack 0
   155  01FF5C                     _main:
   156                           	callstack 127
   157  01FF5C                     
   158                           ;main.c: 37:   G_u32SystemFlags |= (u32)0x80000000;
   159  01FF5C  8E08               	bsf	(_G_u32SystemFlags+3)^(0+1280),7,c	;volatile
   160  01FF5E                     
   161                           ;main.c: 40:   ClockSetup();
   162  01FF5E  EC83  F0FF         	call	_ClockSetup	;wreg free
   163  01FF62                     
   164                           ;main.c: 41:   SysTickSetup();
   165  01FF62  EC9D  F0FF         	call	_SysTickSetup	;wreg free
   166  01FF66                     
   167                           ;main.c: 42:   GpioSetup();
   168  01FF66  EC8F  F0FF         	call	_GpioSetup	;wreg free
   169  01FF6A                     
   170                           ;main.c: 47:   UserAppInitialize();
   171  01FF6A  EC85  F0FF         	call	_UserAppInitialize	;wreg free
   172  01FF6E                     l799:
   173                           
   174                           ;main.c: 53:   {;main.c: 57:     UserAppRun();
   175  01FF6E  ECBF  F0FF         	call	_UserAppRun	;wreg free
   176  01FF72                     
   177                           ;main.c: 62:     SystemSleep();
   178  01FF72  EC84  F0FF         	call	_SystemSleep	;wreg free
   179  01FF76  EFB7  F0FF         	goto	l799
   180  01FF7A  EFFE  F0FF         	goto	start
   181  01FF7E                     __end_of_main:
   182                           	callstack 0
   183                           
   184 ;; *************** function _UserAppRun *****************
   185 ;; Defined at:
   186 ;;		line 95 in file "user_app.c"
   187 ;; Parameters:    Size  Location     Type
   188 ;;		None
   189 ;; Auto vars:     Size  Location     Type
   190 ;;  u32Counter      4    0[COMRAM] unsigned long 
   191 ;; Return value:  Size  Location     Type
   192 ;;                  1    wreg      void 
   193 ;; Registers used:
   194 ;;		wreg, status,2, status,0
   195 ;; Tracked objects:
   196 ;;		On entry : 0/0
   197 ;;		On exit  : 0/0
   198 ;;		Unchanged: 0/0
   199 ;; Data sizes:     COMRAM   BANK5   BANK6   BANK7   BANK8   BANK9  BANK10  BANK11  BANK12  BANK13  BANK14  BANK15  BANK1
      +6  BANK17  BANK18  BANK19  BANK20  BANK21  BANK22  BANK23  BANK24  BANK25  BANK26  BANK27  BANK28  BANK29  BANK30  BANK3
      +1  BANK32  BANK33  BANK34  BANK35  BANK36  BANK37
   200 ;;      Params:         0       0       0       0       0       0       0       0       0       0       0       0       
      +0       0       0       0       0       0       0       0       0       0       0       0       0       0       0       
      +0       0       0       0       0       0       0
   201 ;;      Locals:         4       0       0       0       0       0       0       0       0       0       0       0       
      +0       0       0       0       0       0       0       0       0       0       0       0       0       0       0       
      +0       0       0       0       0       0       0
   202 ;;      Temps:          0       0       0       0       0       0       0       0       0       0       0       0       
      +0       0       0       0       0       0       0       0       0       0       0       0       0       0       0       
      +0       0       0       0       0       0       0
   203 ;;      Totals:         4       0       0       0       0       0       0       0       0       0       0       0       
      +0       0       0       0       0       0       0       0       0       0       0       0       0       0       0       
      +0       0       0       0       0       0       0
   204 ;;Total ram usage:        4 bytes
   205 ;; Hardware stack levels used:    1
   206 ;; This function calls:
   207 ;;		Nothing
   208 ;; This function is called by:
   209 ;;		_main
   210 ;; This function uses a non-reentrant model
   211 ;;
   212                           
   213                           	psect	text1
   214  01FF7E                     __ptext1:
   215                           	callstack 0
   216  01FF7E                     _UserAppRun:
   217                           	callstack 127
   218  01FF7E                     
   219                           ;user_app.c: 97:     if(0x30==(PORTB & 0x30) && LATA<0xC0 )
   220  01FF7E  50CF               	movf	207,w,c	;volatile
   221  01FF80  0B30               	andlw	48
   222  01FF82  0A30               	xorlw	48
   223  01FF84  A4D8               	btfss	status,2,c
   224  01FF86  EFC7  F0FF         	goto	u11
   225  01FF8A  EFC9  F0FF         	goto	u10
   226  01FF8E                     u11:
   227  01FF8E  EFF2  F0FF         	goto	l769
   228  01FF92                     u10:
   229  01FF92  0EC0               	movlw	192
   230  01FF94  60BE               	cpfslt	190,c	;volatile
   231  01FF96  EFCF  F0FF         	goto	u21
   232  01FF9A  EFD1  F0FF         	goto	u20
   233  01FF9E                     u21:
   234  01FF9E  EFF2  F0FF         	goto	l769
   235  01FFA2                     u20:
   236  01FFA2                     
   237                           ;user_app.c: 98:     {;user_app.c: 99:         UserApp_u32Counter++;
   238  01FFA2  0E01               	movlw	1
   239  01FFA4  2601               	addwf	_UserApp_u32Counter^(0+1280),f,c
   240  01FFA6  0E00               	movlw	0
   241  01FFA8  2202               	addwfc	(_UserApp_u32Counter+1)^(0+1280),f,c
   242  01FFAA  2203               	addwfc	(_UserApp_u32Counter+2)^(0+1280),f,c
   243  01FFAC  2204               	addwfc	(_UserApp_u32Counter+3)^(0+1280),f,c
   244  01FFAE                     
   245                           ;user_app.c: 100:                 for(u32 u32Counter=600000; u32Counter>0 ; u32Counter--
      +                          )
   246  01FFAE  0EC0               	movlw	192
   247  01FFB0  6E12               	movwf	UserAppRun@u32Counter^(0+1280),c
   248  01FFB2  0E27               	movlw	39
   249  01FFB4  6E13               	movwf	(UserAppRun@u32Counter+1)^(0+1280),c
   250  01FFB6  0E09               	movlw	9
   251  01FFB8  6E14               	movwf	(UserAppRun@u32Counter+2)^(0+1280),c
   252  01FFBA  0E00               	movlw	0
   253  01FFBC  6E15               	movwf	(UserAppRun@u32Counter+3)^(0+1280),c
   254  01FFBE                     l765:
   255                           
   256                           ;user_app.c: 101:         {;user_app.c: 103:         }
   257  01FFBE  0612               	decf	UserAppRun@u32Counter^(0+1280),f,c
   258  01FFC0  0E00               	movlw	0
   259  01FFC2  5A13               	subwfb	(UserAppRun@u32Counter+1)^(0+1280),f,c
   260  01FFC4  5A14               	subwfb	(UserAppRun@u32Counter+2)^(0+1280),f,c
   261  01FFC6  5A15               	subwfb	(UserAppRun@u32Counter+3)^(0+1280),f,c
   262  01FFC8  5012               	movf	UserAppRun@u32Counter^(0+1280),w,c
   263  01FFCA  1013               	iorwf	(UserAppRun@u32Counter+1)^(0+1280),w,c
   264  01FFCC  1014               	iorwf	(UserAppRun@u32Counter+2)^(0+1280),w,c
   265  01FFCE  1015               	iorwf	(UserAppRun@u32Counter+3)^(0+1280),w,c
   266  01FFD0  A4D8               	btfss	status,2,c
   267  01FFD2  EFED  F0FF         	goto	u31
   268  01FFD6  EFEF  F0FF         	goto	u30
   269  01FFDA                     u31:
   270  01FFDA  EFDF  F0FF         	goto	l765
   271  01FFDE                     u30:
   272  01FFDE                     
   273                           ;user_app.c: 104:         LATA++;
   274  01FFDE  2ABE               	incf	190,f,c	;volatile
   275                           
   276                           ;user_app.c: 105:     }
   277  01FFE0  EFFD  F0FF         	goto	l73
   278  01FFE4                     l769:
   279  01FFE4  0EC0               	movlw	192
   280  01FFE6  18BE               	xorwf	190,w,c	;volatile
   281  01FFE8  A4D8               	btfss	status,2,c
   282  01FFEA  EFF9  F0FF         	goto	u41
   283  01FFEE  EFFB  F0FF         	goto	u40
   284  01FFF2                     u41:
   285  01FFF2  EFFD  F0FF         	goto	l73
   286  01FFF6                     u40:
   287  01FFF6                     
   288                           ;user_app.c: 107:     {;user_app.c: 108:     LATA = 0x80;
   289  01FFF6  0E80               	movlw	128
   290  01FFF8  6EBE               	movwf	190,c	;volatile
   291  01FFFA                     l73:
   292  01FFFA  0012               	return		;funcret
   293  01FFFC                     __end_of_UserAppRun:
   294                           	callstack 0
   295                           
   296 ;; *************** function _UserAppInitialize *****************
   297 ;; Defined at:
   298 ;;		line 76 in file "user_app.c"
   299 ;; Parameters:    Size  Location     Type
   300 ;;		None
   301 ;; Auto vars:     Size  Location     Type
   302 ;;		None
   303 ;; Return value:  Size  Location     Type
   304 ;;                  1    wreg      void 
   305 ;; Registers used:
   306 ;;		None
   307 ;; Tracked objects:
   308 ;;		On entry : 0/0
   309 ;;		On exit  : 0/0
   310 ;;		Unchanged: 0/0
   311 ;; Data sizes:     COMRAM   BANK5   BANK6   BANK7   BANK8   BANK9  BANK10  BANK11  BANK12  BANK13  BANK14  BANK15  BANK1
      +6  BANK17  BANK18  BANK19  BANK20  BANK21  BANK22  BANK23  BANK24  BANK25  BANK26  BANK27  BANK28  BANK29  BANK30  BANK3
      +1  BANK32  BANK33  BANK34  BANK35  BANK36  BANK37
   312 ;;      Params:         0       0       0       0       0       0       0       0       0       0       0       0       
      +0       0       0       0       0       0       0       0       0       0       0       0       0       0       0       
      +0       0       0       0       0       0       0
   313 ;;      Locals:         0       0       0       0       0       0       0       0       0       0       0       0       
      +0       0       0       0       0       0       0       0       0       0       0       0       0       0       0       
      +0       0       0       0       0       0       0
   314 ;;      Temps:          0       0       0       0       0       0       0       0       0       0       0       0       
      +0       0       0       0       0       0       0       0       0       0       0       0       0       0       0       
      +0       0       0       0       0       0       0
   315 ;;      Totals:         0       0       0       0       0       0       0       0       0       0       0       0       
      +0       0       0       0       0       0       0       0       0       0       0       0       0       0       0       
      +0       0       0       0       0       0       0
   316 ;;Total ram usage:        0 bytes
   317 ;; Hardware stack levels used:    1
   318 ;; This function calls:
   319 ;;		Nothing
   320 ;; This function is called by:
   321 ;;		_main
   322 ;; This function uses a non-reentrant model
   323 ;;
   324                           
   325                           	psect	text2
   326  01FF0A                     __ptext2:
   327                           	callstack 0
   328  01FF0A                     _UserAppInitialize:
   329                           	callstack 127
   330  01FF0A  0012               	return		;funcret
   331  01FF0C                     __end_of_UserAppInitialize:
   332                           	callstack 0
   333                           
   334 ;; *************** function _SystemSleep *****************
   335 ;; Defined at:
   336 ;;		line 137 in file "encm369_pic18.c"
   337 ;; Parameters:    Size  Location     Type
   338 ;;		None
   339 ;; Auto vars:     Size  Location     Type
   340 ;;		None
   341 ;; Return value:  Size  Location     Type
   342 ;;                  1    wreg      void 
   343 ;; Registers used:
   344 ;;		None
   345 ;; Tracked objects:
   346 ;;		On entry : 0/0
   347 ;;		On exit  : 0/0
   348 ;;		Unchanged: 0/0
   349 ;; Data sizes:     COMRAM   BANK5   BANK6   BANK7   BANK8   BANK9  BANK10  BANK11  BANK12  BANK13  BANK14  BANK15  BANK1
      +6  BANK17  BANK18  BANK19  BANK20  BANK21  BANK22  BANK23  BANK24  BANK25  BANK26  BANK27  BANK28  BANK29  BANK30  BANK3
      +1  BANK32  BANK33  BANK34  BANK35  BANK36  BANK37
   350 ;;      Params:         0       0       0       0       0       0       0       0       0       0       0       0       
      +0       0       0       0       0       0       0       0       0       0       0       0       0       0       0       
      +0       0       0       0       0       0       0
   351 ;;      Locals:         0       0       0       0       0       0       0       0       0       0       0       0       
      +0       0       0       0       0       0       0       0       0       0       0       0       0       0       0       
      +0       0       0       0       0       0       0
   352 ;;      Temps:          0       0       0       0       0       0       0       0       0       0       0       0       
      +0       0       0       0       0       0       0       0       0       0       0       0       0       0       0       
      +0       0       0       0       0       0       0
   353 ;;      Totals:         0       0       0       0       0       0       0       0       0       0       0       0       
      +0       0       0       0       0       0       0       0       0       0       0       0       0       0       0       
      +0       0       0       0       0       0       0
   354 ;;Total ram usage:        0 bytes
   355 ;; Hardware stack levels used:    1
   356 ;; This function calls:
   357 ;;		Nothing
   358 ;; This function is called by:
   359 ;;		_main
   360 ;; This function uses a non-reentrant model
   361 ;;
   362                           
   363                           	psect	text3
   364  01FF08                     __ptext3:
   365                           	callstack 0
   366  01FF08                     _SystemSleep:
   367                           	callstack 127
   368  01FF08  0012               	return		;funcret
   369  01FF0A                     __end_of_SystemSleep:
   370                           	callstack 0
   371                           
   372 ;; *************** function _SysTickSetup *****************
   373 ;; Defined at:
   374 ;;		line 115 in file "encm369_pic18.c"
   375 ;; Parameters:    Size  Location     Type
   376 ;;		None
   377 ;; Auto vars:     Size  Location     Type
   378 ;;		None
   379 ;; Return value:  Size  Location     Type
   380 ;;                  1    wreg      void 
   381 ;; Registers used:
   382 ;;		wreg, status,2
   383 ;; Tracked objects:
   384 ;;		On entry : 0/0
   385 ;;		On exit  : 0/0
   386 ;;		Unchanged: 0/0
   387 ;; Data sizes:     COMRAM   BANK5   BANK6   BANK7   BANK8   BANK9  BANK10  BANK11  BANK12  BANK13  BANK14  BANK15  BANK1
      +6  BANK17  BANK18  BANK19  BANK20  BANK21  BANK22  BANK23  BANK24  BANK25  BANK26  BANK27  BANK28  BANK29  BANK30  BANK3
      +1  BANK32  BANK33  BANK34  BANK35  BANK36  BANK37
   388 ;;      Params:         0       0       0       0       0       0       0       0       0       0       0       0       
      +0       0       0       0       0       0       0       0       0       0       0       0       0       0       0       
      +0       0       0       0       0       0       0
   389 ;;      Locals:         0       0       0       0       0       0       0       0       0       0       0       0       
      +0       0       0       0       0       0       0       0       0       0       0       0       0       0       0       
      +0       0       0       0       0       0       0
   390 ;;      Temps:          0       0       0       0       0       0       0       0       0       0       0       0       
      +0       0       0       0       0       0       0       0       0       0       0       0       0       0       0       
      +0       0       0       0       0       0       0
   391 ;;      Totals:         0       0       0       0       0       0       0       0       0       0       0       0       
      +0       0       0       0       0       0       0       0       0       0       0       0       0       0       0       
      +0       0       0       0       0       0       0
   392 ;;Total ram usage:        0 bytes
   393 ;; Hardware stack levels used:    1
   394 ;; This function calls:
   395 ;;		Nothing
   396 ;; This function is called by:
   397 ;;		_main
   398 ;; This function uses a non-reentrant model
   399 ;;
   400                           
   401                           	psect	text4
   402  01FF3A                     __ptext4:
   403                           	callstack 0
   404  01FF3A                     _SysTickSetup:
   405                           	callstack 127
   406  01FF3A                     
   407                           ;encm369_pic18.c: 117:   G_u32SystemTime1ms = 0;
   408  01FF3A  0E00               	movlw	0
   409  01FF3C  6E0D               	movwf	_G_u32SystemTime1ms^(0+1280),c	;volatile
   410  01FF3E  0E00               	movlw	0
   411  01FF40  6E0E               	movwf	(_G_u32SystemTime1ms+1)^(0+1280),c	;volatile
   412  01FF42  0E00               	movlw	0
   413  01FF44  6E0F               	movwf	(_G_u32SystemTime1ms+2)^(0+1280),c	;volatile
   414  01FF46  0E00               	movlw	0
   415  01FF48  6E10               	movwf	(_G_u32SystemTime1ms+3)^(0+1280),c	;volatile
   416                           
   417                           ;encm369_pic18.c: 118:   G_u32SystemTime1s = 0;
   418  01FF4A  0E00               	movlw	0
   419  01FF4C  6E09               	movwf	_G_u32SystemTime1s^(0+1280),c	;volatile
   420  01FF4E  0E00               	movlw	0
   421  01FF50  6E0A               	movwf	(_G_u32SystemTime1s+1)^(0+1280),c	;volatile
   422  01FF52  0E00               	movlw	0
   423  01FF54  6E0B               	movwf	(_G_u32SystemTime1s+2)^(0+1280),c	;volatile
   424  01FF56  0E00               	movlw	0
   425  01FF58  6E0C               	movwf	(_G_u32SystemTime1s+3)^(0+1280),c	;volatile
   426  01FF5A  0012               	return		;funcret
   427  01FF5C                     __end_of_SysTickSetup:
   428                           	callstack 0
   429                           
   430 ;; *************** function _GpioSetup *****************
   431 ;; Defined at:
   432 ;;		line 89 in file "encm369_pic18.c"
   433 ;; Parameters:    Size  Location     Type
   434 ;;		None
   435 ;; Auto vars:     Size  Location     Type
   436 ;;		None
   437 ;; Return value:  Size  Location     Type
   438 ;;                  1    wreg      void 
   439 ;; Registers used:
   440 ;;		wreg, status,2
   441 ;; Tracked objects:
   442 ;;		On entry : 0/0
   443 ;;		On exit  : 0/0
   444 ;;		Unchanged: 0/0
   445 ;; Data sizes:     COMRAM   BANK5   BANK6   BANK7   BANK8   BANK9  BANK10  BANK11  BANK12  BANK13  BANK14  BANK15  BANK1
      +6  BANK17  BANK18  BANK19  BANK20  BANK21  BANK22  BANK23  BANK24  BANK25  BANK26  BANK27  BANK28  BANK29  BANK30  BANK3
      +1  BANK32  BANK33  BANK34  BANK35  BANK36  BANK37
   446 ;;      Params:         0       0       0       0       0       0       0       0       0       0       0       0       
      +0       0       0       0       0       0       0       0       0       0       0       0       0       0       0       
      +0       0       0       0       0       0       0
   447 ;;      Locals:         0       0       0       0       0       0       0       0       0       0       0       0       
      +0       0       0       0       0       0       0       0       0       0       0       0       0       0       0       
      +0       0       0       0       0       0       0
   448 ;;      Temps:          0       0       0       0       0       0       0       0       0       0       0       0       
      +0       0       0       0       0       0       0       0       0       0       0       0       0       0       0       
      +0       0       0       0       0       0       0
   449 ;;      Totals:         0       0       0       0       0       0       0       0       0       0       0       0       
      +0       0       0       0       0       0       0       0       0       0       0       0       0       0       0       
      +0       0       0       0       0       0       0
   450 ;;Total ram usage:        0 bytes
   451 ;; Hardware stack levels used:    1
   452 ;; This function calls:
   453 ;;		Nothing
   454 ;; This function is called by:
   455 ;;		_main
   456 ;; This function uses a non-reentrant model
   457 ;;
   458                           
   459                           	psect	text5
   460  01FF1E                     __ptext5:
   461                           	callstack 0
   462  01FF1E                     _GpioSetup:
   463                           	callstack 127
   464  01FF1E                     
   465                           ;encm369_pic18.c: 92:     ANSELB = 0x00;
   466  01FF1E  0E00               	movlw	0
   467  01FF20  0104               	movlb	4	; () banked
   468  01FF22  6F08               	movwf	8,b	;volatile
   469                           
   470                           ;encm369_pic18.c: 93:     TRISB = 0x30;
   471  01FF24  0E30               	movlw	48
   472  01FF26  6EC7               	movwf	199,c	;volatile
   473                           
   474                           ;encm369_pic18.c: 94:     PORTB =0x00;
   475  01FF28  0E00               	movlw	0
   476  01FF2A  6ECF               	movwf	207,c	;volatile
   477                           
   478                           ;encm369_pic18.c: 95:     TRISA = 0x00;
   479  01FF2C  0E00               	movlw	0
   480  01FF2E  6EC6               	movwf	198,c	;volatile
   481                           
   482                           ;encm369_pic18.c: 96:     ANSELA=0x00;
   483  01FF30  0E00               	movlw	0
   484  01FF32  6F00               	movwf	0,b	;volatile
   485                           
   486                           ;encm369_pic18.c: 97:     LATA = 0x80;
   487  01FF34  0E80               	movlw	128
   488  01FF36  6EBE               	movwf	190,c	;volatile
   489  01FF38                     
   490                           ; BSR set to: 4
   491  01FF38  0012               	return		;funcret
   492  01FF3A                     __end_of_GpioSetup:
   493                           	callstack 0
   494                           
   495 ;; *************** function _ClockSetup *****************
   496 ;; Defined at:
   497 ;;		line 70 in file "encm369_pic18.c"
   498 ;; Parameters:    Size  Location     Type
   499 ;;		None
   500 ;; Auto vars:     Size  Location     Type
   501 ;;		None
   502 ;; Return value:  Size  Location     Type
   503 ;;                  1    wreg      void 
   504 ;; Registers used:
   505 ;;		None
   506 ;; Tracked objects:
   507 ;;		On entry : 0/0
   508 ;;		On exit  : 0/0
   509 ;;		Unchanged: 0/0
   510 ;; Data sizes:     COMRAM   BANK5   BANK6   BANK7   BANK8   BANK9  BANK10  BANK11  BANK12  BANK13  BANK14  BANK15  BANK1
      +6  BANK17  BANK18  BANK19  BANK20  BANK21  BANK22  BANK23  BANK24  BANK25  BANK26  BANK27  BANK28  BANK29  BANK30  BANK3
      +1  BANK32  BANK33  BANK34  BANK35  BANK36  BANK37
   511 ;;      Params:         0       0       0       0       0       0       0       0       0       0       0       0       
      +0       0       0       0       0       0       0       0       0       0       0       0       0       0       0       
      +0       0       0       0       0       0       0
   512 ;;      Locals:         0       0       0       0       0       0       0       0       0       0       0       0       
      +0       0       0       0       0       0       0       0       0       0       0       0       0       0       0       
      +0       0       0       0       0       0       0
   513 ;;      Temps:          0       0       0       0       0       0       0       0       0       0       0       0       
      +0       0       0       0       0       0       0       0       0       0       0       0       0       0       0       
      +0       0       0       0       0       0       0
   514 ;;      Totals:         0       0       0       0       0       0       0       0       0       0       0       0       
      +0       0       0       0       0       0       0       0       0       0       0       0       0       0       0       
      +0       0       0       0       0       0       0
   515 ;;Total ram usage:        0 bytes
   516 ;; Hardware stack levels used:    1
   517 ;; This function calls:
   518 ;;		Nothing
   519 ;; This function is called by:
   520 ;;		_main
   521 ;; This function uses a non-reentrant model
   522 ;;
   523                           
   524                           	psect	text6
   525  01FF06                     __ptext6:
   526                           	callstack 0
   527  01FF06                     _ClockSetup:
   528                           	callstack 127
   529  01FF06  0012               	return		;funcret
   530  01FF08                     __end_of_ClockSetup:
   531                           	callstack 0
   532  0000                     
   533                           	psect	rparam
   534  0000                     
   535                           	psect	idloc
   536                           
   537                           ;Config register IDLOC0 @ 0x200000
   538                           ;	unspecified, using default values
   539  200000                     	org	2097152
   540  200000  0FFF               	dw	4095
   541                           
   542                           ;Config register IDLOC1 @ 0x200002
   543                           ;	unspecified, using default values
   544  200002                     	org	2097154
   545  200002  0FFF               	dw	4095
   546                           
   547                           ;Config register IDLOC2 @ 0x200004
   548                           ;	unspecified, using default values
   549  200004                     	org	2097156
   550  200004  0FFF               	dw	4095
   551                           
   552                           ;Config register IDLOC3 @ 0x200006
   553                           ;	unspecified, using default values
   554  200006                     	org	2097158
   555  200006  0FFF               	dw	4095
   556                           
   557                           ;Config register IDLOC4 @ 0x200008
   558                           ;	unspecified, using default values
   559  200008                     	org	2097160
   560  200008  0FFF               	dw	4095
   561                           
   562                           ;Config register IDLOC5 @ 0x20000A
   563                           ;	unspecified, using default values
   564  20000A                     	org	2097162
   565  20000A  0FFF               	dw	4095
   566                           
   567                           ;Config register IDLOC6 @ 0x20000C
   568                           ;	unspecified, using default values
   569  20000C                     	org	2097164
   570  20000C  0FFF               	dw	4095
   571                           
   572                           ;Config register IDLOC7 @ 0x20000E
   573                           ;	unspecified, using default values
   574  20000E                     	org	2097166
   575  20000E  0FFF               	dw	4095
   576                           
   577                           ;Config register IDLOC8 @ 0x200010
   578                           ;	unspecified, using default values
   579  200010                     	org	2097168
   580  200010  0FFF               	dw	4095
   581                           
   582                           ;Config register IDLOC9 @ 0x200012
   583                           ;	unspecified, using default values
   584  200012                     	org	2097170
   585  200012  0FFF               	dw	4095
   586                           
   587                           ;Config register IDLOC10 @ 0x200014
   588                           ;	unspecified, using default values
   589  200014                     	org	2097172
   590  200014  0FFF               	dw	4095
   591                           
   592                           ;Config register IDLOC11 @ 0x200016
   593                           ;	unspecified, using default values
   594  200016                     	org	2097174
   595  200016  0FFF               	dw	4095
   596                           
   597                           ;Config register IDLOC12 @ 0x200018
   598                           ;	unspecified, using default values
   599  200018                     	org	2097176
   600  200018  0FFF               	dw	4095
   601                           
   602                           ;Config register IDLOC13 @ 0x20001A
   603                           ;	unspecified, using default values
   604  20001A                     	org	2097178
   605  20001A  0FFF               	dw	4095
   606                           
   607                           ;Config register IDLOC14 @ 0x20001C
   608                           ;	unspecified, using default values
   609  20001C                     	org	2097180
   610  20001C  0FFF               	dw	4095
   611                           
   612                           ;Config register IDLOC15 @ 0x20001E
   613                           ;	unspecified, using default values
   614  20001E                     	org	2097182
   615  20001E  0FFF               	dw	4095
   616                           
   617                           	psect	config
   618                           
   619                           ;Config register CONFIG1 @ 0x300000
   620                           ;	External Oscillator Selection
   621                           ;	FEXTOSC = OFF, Oscillator not enabled
   622                           ;	Reset Oscillator Selection
   623                           ;	RSTOSC = HFINTOSC_64MHZ, HFINTOSC with HFFRQ = 64 MHz and CDIV = 1:1
   624  300000                     	org	3145728
   625  300000  8C                 	db	140
   626                           
   627                           ;Config register CONFIG2 @ 0x300001
   628                           ;	Clock out Enable bit
   629                           ;	CLKOUTEN = ON, CLKOUT function is enabled
   630                           ;	PRLOCKED One-Way Set Enable bit
   631                           ;	PR1WAY = ON, PRLOCKED bit can be cleared and set only once
   632                           ;	Clock Switch Enable bit
   633                           ;	CSWEN = ON, Writing to NOSC and NDIV is allowed
   634                           ;	Fail-Safe Clock Monitor Enable bit
   635                           ;	FCMEN = ON, Fail-Safe Clock Monitor enabled
   636  300001                     	org	3145729
   637  300001  FE                 	db	254
   638                           
   639                           ;Config register CONFIG3 @ 0x300002
   640                           ;	MCLR Enable bit
   641                           ;	MCLRE = EXTMCLR, If LVP = 0, MCLR pin is MCLR; If LVP = 1, RE3 pin function is MCLR
   642                           ;	Power-up timer selection bits
   643                           ;	PWRTS = PWRT_OFF, PWRT is disabled
   644                           ;	Multi-vector enable bit
   645                           ;	MVECEN = ON, Multi-vector enabled, Vector table used for interrupts
   646                           ;	IVTLOCK bit One-way set enable bit
   647                           ;	IVT1WAY = ON, IVTLOCKED bit can be cleared and set only once
   648                           ;	Low Power BOR Enable bit
   649                           ;	LPBOREN = OFF, Low-Power BOR disabled
   650                           ;	Brown-out Reset Enable bits
   651                           ;	BOREN = SBORDIS, Brown-out Reset enabled , SBOREN bit is ignored
   652  300002                     	org	3145730
   653  300002  FF                 	db	255
   654                           
   655                           ;Config register CONFIG4 @ 0x300003
   656                           ;	Brown-out Reset Voltage Selection bits
   657                           ;	BORV = VBOR_2P85, Brown-out Reset Voltage (VBOR) set to 2.8V
   658                           ;	ZCD Disable bit
   659                           ;	ZCD = OFF, ZCD module is disabled. ZCD can be enabled by setting the ZCDSEN bit of ZCD
      +                          CON
   660                           ;	PPSLOCK bit One-Way Set Enable bit
   661                           ;	PPS1WAY = ON, PPSLOCKED bit can be cleared and set only once; PPS registers remain loc
      +                          ked after one clear/set cycle
   662                           ;	Stack Full/Underflow Reset Enable bit
   663                           ;	STVREN = ON, Stack full/underflow will cause Reset
   664                           ;	Low Voltage Programming Enable bit
   665                           ;	LVP = ON, Low voltage programming enabled. MCLR/VPP pin function is MCLR. MCLRE config
      +                          uration bit is ignored
   666                           ;	Extended Instruction Set Enable bit
   667                           ;	XINST = OFF, Extended Instruction Set and Indexed Addressing Mode disabled
   668  300003                     	org	3145731
   669  300003  FC                 	db	252
   670                           
   671                           ;Config register CONFIG5 @ 0x300004
   672                           ;	WDT Period selection bits
   673                           ;	WDTCPS = WDTCPS_31, Divider ratio 1:65536; software control of WDTPS
   674                           ;	WDT operating mode
   675                           ;	WDTE = OFF, WDT Disabled; SWDTEN is ignored
   676  300004                     	org	3145732
   677  300004  9F                 	db	159
   678                           
   679                           ;Config register CONFIG6 @ 0x300005
   680                           ;	WDT Window Select bits
   681                           ;	WDTCWS = WDTCWS_7, window always open (100%); software control; keyed access not requi
      +                          red
   682                           ;	WDT input clock selector
   683                           ;	WDTCCS = SC, Software Control
   684  300005                     	org	3145733
   685  300005  FF                 	db	255
   686                           
   687                           ;Config register CONFIG7 @ 0x300006
   688                           ;	Boot Block Size selection bits
   689                           ;	BBSIZE = BBSIZE_512, Boot Block size is 512 words
   690                           ;	Boot Block enable bit
   691                           ;	BBEN = OFF, Boot block disabled
   692                           ;	Storage Area Flash enable bit
   693                           ;	SAFEN = OFF, SAF disabled
   694                           ;	Background Debugger
   695                           ;	DEBUG = OFF, Background Debugger disabled
   696  300006                     	org	3145734
   697  300006  FF                 	db	255
   698                           
   699                           ;Config register CONFIG8 @ 0x300007
   700                           ;	Boot Block Write Protection bit
   701                           ;	WRTB = OFF, Boot Block not Write protected
   702                           ;	Configuration Register Write Protection bit
   703                           ;	WRTC = OFF, Configuration registers not Write protected
   704                           ;	Data EEPROM Write Protection bit
   705                           ;	WRTD = OFF, Data EEPROM not Write protected
   706                           ;	SAF Write protection bit
   707                           ;	WRTSAF = OFF, SAF not Write Protected
   708                           ;	Application Block write protection bit
   709                           ;	WRTAPP = OFF, Application Block not write protected
   710  300007                     	org	3145735
   711  300007  FF                 	db	255
   712                           
   713                           ; Padding undefined space
   714  300008                     	org	3145736
   715  300008  FF                 	db	255
   716                           
   717                           ;Config register CONFIG10 @ 0x300009
   718                           ;	PFM and Data EEPROM Code Protection bit
   719                           ;	CP = OFF, PFM and Data EEPROM code protection disabled
   720  300009                     	org	3145737
   721  300009  FF                 	db	255
   722                           tosu	equ	0x4FF
   723                           tosh	equ	0x4FE
   724                           tosl	equ	0x4FD
   725                           stkptr	equ	0x4FC
   726                           pclatu	equ	0x4FB
   727                           pclath	equ	0x4FA
   728                           pcl	equ	0x4F9
   729                           tblptru	equ	0x4F8
   730                           tblptrh	equ	0x4F7
   731                           tblptrl	equ	0x4F6
   732                           tablat	equ	0x4F5
   733                           prodh	equ	0x4F4
   734                           prodl	equ	0x4F3
   735                           indf0	equ	0x4EF
   736                           postinc0	equ	0x4EE
   737                           postdec0	equ	0x4ED
   738                           preinc0	equ	0x4EC
   739                           plusw0	equ	0x4EB
   740                           fsr0h	equ	0x4EA
   741                           fsr0l	equ	0x4E9
   742                           wreg	equ	0x4E8
   743                           indf1	equ	0x4E7
   744                           postinc1	equ	0x4E6
   745                           postdec1	equ	0x4E5
   746                           preinc1	equ	0x4E4
   747                           plusw1	equ	0x4E3
   748                           fsr1h	equ	0x4E2
   749                           fsr1l	equ	0x4E1
   750                           bsr	equ	0x4E0
   751                           indf2	equ	0x4DF
   752                           postinc2	equ	0x4DE
   753                           postdec2	equ	0x4DD
   754                           preinc2	equ	0x4DC
   755                           plusw2	equ	0x4DB
   756                           fsr2h	equ	0x4DA
   757                           fsr2l	equ	0x4D9
   758                           status	equ	0x4D8

Data Sizes:
    Strings     0
    Constant    0
    Data        0
    BSS         17
    Persistent  0
    Stack       0

Auto Spaces:
    Space          Size  Autos    Used
    COMRAM           95      4      21
    BANK5           160      0       0
    BANK6           256      0       0
    BANK7           256      0       0
    BANK8           256      0       0
    BANK9           256      0       0
    BANK10          256      0       0
    BANK11          256      0       0
    BANK12          256      0       0
    BANK13          256      0       0
    BANK14          256      0       0
    BANK15          256      0       0
    BANK16          256      0       0
    BANK17          256      0       0
    BANK18          256      0       0
    BANK19          256      0       0
    BANK20          256      0       0
    BANK21          256      0       0
    BANK22          256      0       0
    BANK23          256      0       0
    BANK24          256      0       0
    BANK25          256      0       0
    BANK26          256      0       0
    BANK27          256      0       0
    BANK28          256      0       0
    BANK29          256      0       0
    BANK30          256      0       0
    BANK31          256      0       0
    BANK32          256      0       0
    BANK33          256      0       0
    BANK34          256      0       0
    BANK35          256      0       0
    BANK36          256      0       0
    BANK37          256      0       0

Pointer List with Targets:

    None.

Critical Paths under _main in COMRAM

    _main->_UserAppRun

Critical Paths under _main in BANK5

    None.

Critical Paths under _main in BANK6

    None.

Critical Paths under _main in BANK7

    None.

Critical Paths under _main in BANK8

    None.

Critical Paths under _main in BANK9

    None.

Critical Paths under _main in BANK10

    None.

Critical Paths under _main in BANK11

    None.

Critical Paths under _main in BANK12

    None.

Critical Paths under _main in BANK13

    None.

Critical Paths under _main in BANK14

    None.

Critical Paths under _main in BANK15

    None.

Critical Paths under _main in BANK16

    None.

Critical Paths under _main in BANK17

    None.

Critical Paths under _main in BANK18

    None.

Critical Paths under _main in BANK19

    None.

Critical Paths under _main in BANK20

    None.

Critical Paths under _main in BANK21

    None.

Critical Paths under _main in BANK22

    None.

Critical Paths under _main in BANK23

    None.

Critical Paths under _main in BANK24

    None.

Critical Paths under _main in BANK25

    None.

Critical Paths under _main in BANK26

    None.

Critical Paths under _main in BANK27

    None.

Critical Paths under _main in BANK28

    None.

Critical Paths under _main in BANK29

    None.

Critical Paths under _main in BANK30

    None.

Critical Paths under _main in BANK31

    None.

Critical Paths under _main in BANK32

    None.

Critical Paths under _main in BANK33

    None.

Critical Paths under _main in BANK34

    None.

Critical Paths under _main in BANK35

    None.

Critical Paths under _main in BANK36

    None.

Critical Paths under _main in BANK37

    None.

Call Graph Tables:

 ---------------------------------------------------------------------------------
 (Depth) Function   	        Calls       Base Space   Used Autos Params    Refs
 ---------------------------------------------------------------------------------
 (0) _main                                                 0     0      0      30
                         _ClockSetup
                          _GpioSetup
                       _SysTickSetup
                        _SystemSleep
                  _UserAppInitialize
                         _UserAppRun
 ---------------------------------------------------------------------------------
 (1) _UserAppRun                                           4     4      0      30
                                              0 COMRAM     4     4      0
 ---------------------------------------------------------------------------------
 (1) _UserAppInitialize                                    0     0      0       0
 ---------------------------------------------------------------------------------
 (1) _SystemSleep                                          0     0      0       0
 ---------------------------------------------------------------------------------
 (1) _SysTickSetup                                         0     0      0       0
 ---------------------------------------------------------------------------------
 (1) _GpioSetup                                            0     0      0       0
 ---------------------------------------------------------------------------------
 (1) _ClockSetup                                           0     0      0       0
 ---------------------------------------------------------------------------------
 Estimated maximum stack depth 1
 ---------------------------------------------------------------------------------

 Call Graph Graphs:

 _main (ROOT)
   _ClockSetup
   _GpioSetup
   _SysTickSetup
   _SystemSleep
   _UserAppInitialize
   _UserAppRun

 Address spaces:
Name               Size   Autos  Total    Cost      Usage
BIGRAM            20FF      0       0      71        0.0%
EEDATA             400      0       0       0        0.0%
BITBANK37          100      0       0      70        0.0%
BANK37             100      0       0      68        0.0%
BITBANK36          100      0       0      66        0.0%
BANK36             100      0       0      67        0.0%
BITBANK35          100      0       0      64        0.0%
BANK35             100      0       0      65        0.0%
BITBANK34          100      0       0      62        0.0%
BANK34             100      0       0      63        0.0%
BITBANK33          100      0       0      60        0.0%
BANK33             100      0       0      61        0.0%
BITBANK32          100      0       0      58        0.0%
BANK32             100      0       0      59        0.0%
BITBANK31          100      0       0      56        0.0%
BANK31             100      0       0      57        0.0%
BITBANK30          100      0       0      54        0.0%
BANK30             100      0       0      55        0.0%
BITBANK29          100      0       0      52        0.0%
BANK29             100      0       0      53        0.0%
BITBANK28          100      0       0      50        0.0%
BANK28             100      0       0      51        0.0%
BITBANK27          100      0       0      48        0.0%
BANK27             100      0       0      49        0.0%
BITBANK26          100      0       0      46        0.0%
BANK26             100      0       0      47        0.0%
BITBANK25          100      0       0      44        0.0%
BANK25             100      0       0      45        0.0%
BITBANK24          100      0       0      42        0.0%
BANK24             100      0       0      43        0.0%
BITBANK23          100      0       0      40        0.0%
BANK23             100      0       0      41        0.0%
BITBANK22          100      0       0      38        0.0%
BANK22             100      0       0      39        0.0%
BITBANK21          100      0       0      36        0.0%
BANK21             100      0       0      37        0.0%
BITBANK20          100      0       0      34        0.0%
BANK20             100      0       0      35        0.0%
BITBANK19          100      0       0      32        0.0%
BANK19             100      0       0      33        0.0%
BITBANK18          100      0       0      30        0.0%
BANK18             100      0       0      31        0.0%
BITBANK17          100      0       0      28        0.0%
BANK17             100      0       0      29        0.0%
BITBANK16          100      0       0      26        0.0%
BANK16             100      0       0      27        0.0%
BITBANK15          100      0       0      24        0.0%
BANK15             100      0       0      25        0.0%
BITBANK14          100      0       0      22        0.0%
BANK14             100      0       0      23        0.0%
BITBANK13          100      0       0      20        0.0%
BANK13             100      0       0      21        0.0%
BITBANK12          100      0       0      18        0.0%
BANK12             100      0       0      19        0.0%
BITBANK11          100      0       0      16        0.0%
BANK11             100      0       0      17        0.0%
BITBANK10          100      0       0      14        0.0%
BANK10             100      0       0      15        0.0%
BITBANK9           100      0       0      12        0.0%
BANK9              100      0       0      13        0.0%
BITBANK8           100      0       0      10        0.0%
BANK8              100      0       0      11        0.0%
BITBANK7           100      0       0       8        0.0%
BANK7              100      0       0       9        0.0%
BITBANK6           100      0       0       6        0.0%
BANK6              100      0       0       7        0.0%
BITBANK5            A0      0       0       4        0.0%
BANK5               A0      0       0       5        0.0%
BITCOMRAM           5F      0       0       0        0.0%
COMRAM              5F      4      15       1       22.1%
BITSFR_5             0      0       0     200        0.0%
SFR_5                0      0       0     200        0.0%
BITSFR_4             0      0       0     200        0.0%
SFR_4                0      0       0     200        0.0%
BITSFR_3             0      0       0     200        0.0%
SFR_3                0      0       0     200        0.0%
BITSFR_2             0      0       0     200        0.0%
SFR_2                0      0       0     200        0.0%
BITSFR_1             0      0       0     200        0.0%
SFR_1                0      0       0     200        0.0%
BITSFR               0      0       0     200        0.0%
SFR                  0      0       0     200        0.0%
STACK                0      0       0       2        0.0%
NULL                 0      0       0       0        0.0%
ABS                  0      0      15      69        0.0%
DATA                 0      0      15       3        0.0%
CODE                 0      0       0       0        0.0%


Microchip Technology PIC18 Macro Assembler V2.31 build 20201012212115 
Symbol Table                                                                                   Wed Feb 17 23:10:44 2021

     __size_of_SysTickSetup 0022                          l22 FF38                          l25 FF5A  
                        l19 FF06                          l28 FF08                          l65 FF0A  
                        l73 FFFA                          u10 FF92                          u11 FF8E  
                        u20 FFA2                          u21 FF9E                          u30 FFDE  
                        u31 FFDA                          u40 FFF6                          u41 FFF2  
                       l801 FF72                         l753 FF7E                         l771 FFF6  
                       l755 FF92                         l749 FF1E                         l765 FFBE  
                       l757 FFA2                         l767 FFDE                         l759 FFAE  
                       l791 FF5E                         l769 FFE4                         l793 FF62  
                       l787 FF3A                         l795 FF66                         l797 FF6A  
                       l789 FF5C                         l799 FF6E                         wreg 0004E8  
                      _LATA 0004BE                        _main FF5C                _SysTickSetup FF3A  
                      start FFFC        __size_of_SystemSleep 0002                ___param_bank 000000  
                _ClockSetup FF06                       ?_main 0512                       _PORTB 0004CF  
                     _TRISA 0004C6                       _TRISB 0004C7                       status 0004D8  
           __initialization FF0C                __end_of_main FF7E                      ??_main 0516  
             __activetblptr 000000                      _ANSELA 000400                      _ANSELB 000408  
        __size_of_GpioSetup 001C                 ?_ClockSetup 0512                      clear_0 FF12  
                _UserAppRun FF7E                  __accesstop 0560     __end_of__initialization FF18  
             ___rparam_used 000001            _G_u8UserAppFlags 0511              __pcstackCOMRAM 0512  
         __end_of_GpioSetup FF3A          _UserApp_u32Counter 0501         __size_of_ClockSetup 0002  
               ?_UserAppRun 0512               ??_SystemSleep 0512                     __Hparam 0000  
                   __Lparam 0000                     __pcinit FF0C                     __ramtop 2600  
                   __ptext0 FF5C                     __ptext1 FF7E                     __ptext2 FF0A  
                   __ptext3 FF08                     __ptext4 FF3A                     __ptext5 FF1E  
                   __ptext6 FF06        end_of_initialization FF18            _G_u32SystemFlags 0505  
                   postinc0 0004EE         __end_of_SystemSleep FF0A                ??_ClockSetup 0512  
       __size_of_UserAppRun 007E        UserAppRun@u32Counter 0512          __end_of_ClockSetup FF08  
                 _GpioSetup FF1E         start_initialization FF0C               ?_SysTickSetup 0512  
               _SystemSleep FF08                  ?_GpioSetup 0512                 __pbssCOMRAM 0501  
         _UserAppInitialize FF0A                ??_UserAppRun 0512          ?_UserAppInitialize 0512  
            ??_SysTickSetup 0512         ??_UserAppInitialize 0512          __end_of_UserAppRun FFFC  
 __end_of_UserAppInitialize FF0C                 ??_GpioSetup 0512                    __Hrparam 0000  
                  __Lrparam 0000        __end_of_SysTickSetup FF5C  __size_of_UserAppInitialize 0002  
             __size_of_main 0022                ?_SystemSleep 0512          _G_u32SystemTime1ms 050D  
         _G_u32SystemTime1s 0509  
