

Microchip MPLAB XC8 Assembler V2.31 build 20201012212115 
                                                                                               Sun Feb 07 21:51:17 2021

Microchip MPLAB XC8 C Compiler v2.31 (Free license) build 20201012212115 Og1 
     1                           	processor	18F27Q43
     2                           	fnconf	rparam,??,?,0
     3                           	pagewidth 120
     4                           	opt	flic
     5                           	psect	cinit,global,reloc=2,class=CODE,delta=1
     6                           	psect	bssCOMRAM,global,class=COMRAM,space=1,delta=1,lowdata,noexec
     7                           	psect	cstackCOMRAM,global,class=COMRAM,space=1,delta=1,lowdata,noexec
     8                           	psect	text0,global,reloc=2,class=CODE,delta=1
     9                           	psect	text1,global,reloc=2,class=CODE,delta=1
    10                           	psect	text2,global,reloc=2,class=CODE,delta=1
    11                           	psect	text3,global,reloc=2,class=CODE,delta=1
    12                           	psect	text4,global,reloc=2,class=CODE,delta=1
    13                           	psect	text5,global,reloc=2,class=CODE,delta=1
    14                           	psect	text6,global,reloc=2,class=CODE,delta=1
    15                           	psect	intsave_regs,global,class=BIGRAM,space=1,delta=1,noexec
    16                           	psect	rparam,global,class=COMRAM,space=1,delta=1,noexec
    17                           	psect	idloc,global,abs,ovrld,class=IDLOC,space=5,delta=1,noexec
    18                           	psect	config,global,abs,ovrld,class=CONFIG,space=4,delta=1,noexec
    19  0000                     
    20                           ; Version 2.30
    21                           ; Generated 20/08/2020 GMT
    22                           ; 
    23                           ; Copyright © 2020, Microchip Technology Inc. and its subsidiaries ("Microchip")
    24                           ; All rights reserved.
    25                           ; 
    26                           ; This software is developed by Microchip Technology Inc. and its subsidiaries ("Microch
      +                          ip").
    27                           ; 
    28                           ; Redistribution and use in source and binary forms, with or without modification, are
    29                           ; permitted provided that the following conditions are met:
    30                           ; 
    31                           ;     1. Redistributions of source code must retain the above copyright notice, this lis
      +                          t of
    32                           ;        conditions and the following disclaimer.
    33                           ; 
    34                           ;     2. Redistributions in binary form must reproduce the above copyright notice, this 
      +                          list
    35                           ;        of conditions and the following disclaimer in the documentation and/or other
    36                           ;        materials provided with the distribution. Publication is not required when
    37                           ;        this file is used in an embedded application.
    38                           ; 
    39                           ;     3. Microchip's name may not be used to endorse or promote products derived from th
      +                          is
    40                           ;        software without specific prior written permission.
    41                           ; 
    42                           ; THIS SOFTWARE IS PROVIDED BY MICROCHIP "AS IS" AND ANY EXPRESS OR IMPLIED WARRANTIES,
    43                           ; INCLUDING, BUT NOT LIMITED TO, THE IMPLIED WARRANTIES OF MERCHANTABILITY AND FITNESS F
      +                          OR
    44                           ; PURPOSE ARE DISCLAIMED.  IN NO EVENT SHALL MICROCHIP BE LIABLE FOR ANY DIRECT, INDIREC
      +                          T,
    45                           ; INCIDENTAL, SPECIAL, EXEMPLARY, OR CONSEQUENTIAL DAMAGES (INCLUDING BUT NOT LIMITED TO
    46                           ; PROCUREMENT OF SUBSTITUTE GOODS OR SERVICES; LOSS OF USE, DATA OR PROFITS; OR BUSINESS
    47                           ; INTERRUPTION) HOWSOEVER CAUSED AND ON ANY THEORY OF LIABILITY, WHETHER IN CONTRACT, ST
      +                          RICT
    48                           ; LIABILITY, OR TORT (INCLUDING NEGLIGENCE OR OTHERWISE) ARISING IN ANY WAY OUT OF THE U
      +                          SE OF
    49                           ; THIS SOFTWARE, EVEN IF ADVISED OF THE POSSIBILITY OF SUCH DAMAGE.
    50                           ; 
    51                           ; 
    52                           ; Code-generator required, PIC18F27Q43 Definitions
    53                           ; 
    54                           ; SFR Addresses
    55  0000                     _LATA	set	1214
    56  0000                     _TRISA	set	1222
    57                           
    58                           ; #config settings
    59                           
    60                           	psect	cinit
    61  01FF5A                     __pcinit:
    62                           	callstack 0
    63  01FF5A                     start_initialization:
    64                           	callstack 0
    65  01FF5A                     __initialization:
    66                           	callstack 0
    67                           
    68                           ; Clear objects allocated to COMRAM (13 bytes)
    69  01FF5A  EE01  F101         	lfsr	0,__pbssCOMRAM
    70  01FF5E  0E0D               	movlw	13
    71  01FF60                     clear_0:
    72  01FF60  6AEE               	clrf	postinc0,c
    73  01FF62  06E8               	decf	wreg,f,c
    74  01FF64  E1FD               	bnz	clear_0
    75  01FF66                     end_of_initialization:
    76                           	callstack 0
    77  01FF66                     __end_of__initialization:
    78                           	callstack 0
    79  01FF66  0100               	movlb	0
    80  01FF68  EFC7  F0FF         	goto	_main	;jump to C main() function
    81                           
    82                           	psect	bssCOMRAM
    83  000501                     __pbssCOMRAM:
    84                           	callstack 0
    85  000501                     _G_u32SystemFlags:
    86                           	callstack 0
    87  000501                     	ds	4
    88  000505                     _G_u32SystemTime1s:
    89                           	callstack 0
    90  000505                     	ds	4
    91  000509                     _G_u32SystemTime1ms:
    92                           	callstack 0
    93  000509                     	ds	4
    94  00050D                     _G_u8UserAppFlags:
    95                           	callstack 0
    96  00050D                     	ds	1
    97                           
    98                           	psect	cstackCOMRAM
    99  00050E                     __pcstackCOMRAM:
   100                           	callstack 0
   101  00050E                     UserAppRun@u32Counter:
   102                           	callstack 0
   103                           
   104                           ; 4 bytes @ 0x0
   105  00050E                     	ds	4
   106  000512                     
   107                           ; 1 bytes @ 0x4
   108 ;;
   109 ;;Main: autosize = 0, tempsize = 0, incstack = 0, save=0
   110 ;;
   111 ;; *************** function _main *****************
   112 ;; Defined at:
   113 ;;		line 35 in file "main.c"
   114 ;; Parameters:    Size  Location     Type
   115 ;;		None
   116 ;; Auto vars:     Size  Location     Type
   117 ;;		None
   118 ;; Return value:  Size  Location     Type
   119 ;;                  1    wreg      void 
   120 ;; Registers used:
   121 ;;		wreg, status,2, status,0, cstack
   122 ;; Tracked objects:
   123 ;;		On entry : 0/0
   124 ;;		On exit  : 0/0
   125 ;;		Unchanged: 0/0
   126 ;; Data sizes:     COMRAM   BANK5   BANK6   BANK7   BANK8   BANK9  BANK10  BANK11  BANK12  BANK13  BANK14  BANK15  BANK1
      +6  BANK17  BANK18  BANK19  BANK20  BANK21  BANK22  BANK23  BANK24  BANK25  BANK26  BANK27  BANK28  BANK29  BANK30  BANK3
      +1  BANK32  BANK33  BANK34  BANK35  BANK36  BANK37
   127 ;;      Params:         0       0       0       0       0       0       0       0       0       0       0       0       
      +0       0       0       0       0       0       0       0       0       0       0       0       0       0       0       
      +0       0       0       0       0       0       0
   128 ;;      Locals:         0       0       0       0       0       0       0       0       0       0       0       0       
      +0       0       0       0       0       0       0       0       0       0       0       0       0       0       0       
      +0       0       0       0       0       0       0
   129 ;;      Temps:          0       0       0       0       0       0       0       0       0       0       0       0       
      +0       0       0       0       0       0       0       0       0       0       0       0       0       0       0       
      +0       0       0       0       0       0       0
   130 ;;      Totals:         0       0       0       0       0       0       0       0       0       0       0       0       
      +0       0       0       0       0       0       0       0       0       0       0       0       0       0       0       
      +0       0       0       0       0       0       0
   131 ;;Total ram usage:        0 bytes
   132 ;; Hardware stack levels required when called:    1
   133 ;; This function calls:
   134 ;;		_ClockSetup
   135 ;;		_GpioSetup
   136 ;;		_SysTickSetup
   137 ;;		_SystemSleep
   138 ;;		_UserAppInitialize
   139 ;;		_UserAppRun
   140 ;; This function is called by:
   141 ;;		Startup code after reset
   142 ;; This function uses a non-reentrant model
   143 ;;
   144                           
   145                           	psect	text0
   146  01FF8E                     __ptext0:
   147                           	callstack 0
   148  01FF8E                     _main:
   149                           	callstack 127
   150  01FF8E                     
   151                           ;main.c: 37:   G_u32SystemFlags |= (u32)0x80000000;
   152  01FF8E  8E04               	bsf	(_G_u32SystemFlags+3)^(0+1280),7,c	;volatile
   153  01FF90                     
   154                           ;main.c: 40:   ClockSetup();
   155  01FF90  ECA5  F0FF         	call	_ClockSetup	;wreg free
   156  01FF94                     
   157                           ;main.c: 41:   SysTickSetup();
   158  01FF94  ECB6  F0FF         	call	_SysTickSetup	;wreg free
   159  01FF98                     
   160                           ;main.c: 42:   GpioSetup();
   161  01FF98  ECA8  F0FF         	call	_GpioSetup	;wreg free
   162  01FF9C                     
   163                           ;main.c: 47:   UserAppInitialize();
   164  01FF9C  ECA7  F0FF         	call	_UserAppInitialize	;wreg free
   165  01FFA0                     l783:
   166                           
   167                           ;main.c: 53:   {;main.c: 57:     UserAppRun();
   168  01FFA0  ECD8  F0FF         	call	_UserAppRun	;wreg free
   169  01FFA4                     
   170                           ;main.c: 62:     SystemSleep();
   171  01FFA4  ECA6  F0FF         	call	_SystemSleep	;wreg free
   172  01FFA8  EFD0  F0FF         	goto	l783
   173  01FFAC  EFFE  F0FF         	goto	start
   174  01FFB0                     __end_of_main:
   175                           	callstack 0
   176                           
   177 ;; *************** function _UserAppRun *****************
   178 ;; Defined at:
   179 ;;		line 95 in file "user_app.c"
   180 ;; Parameters:    Size  Location     Type
   181 ;;		None
   182 ;; Auto vars:     Size  Location     Type
   183 ;;  u32Counter      4    0[COMRAM] unsigned long 
   184 ;; Return value:  Size  Location     Type
   185 ;;                  1    wreg      void 
   186 ;; Registers used:
   187 ;;		wreg, status,2, status,0
   188 ;; Tracked objects:
   189 ;;		On entry : 0/0
   190 ;;		On exit  : 0/0
   191 ;;		Unchanged: 0/0
   192 ;; Data sizes:     COMRAM   BANK5   BANK6   BANK7   BANK8   BANK9  BANK10  BANK11  BANK12  BANK13  BANK14  BANK15  BANK1
      +6  BANK17  BANK18  BANK19  BANK20  BANK21  BANK22  BANK23  BANK24  BANK25  BANK26  BANK27  BANK28  BANK29  BANK30  BANK3
      +1  BANK32  BANK33  BANK34  BANK35  BANK36  BANK37
   193 ;;      Params:         0       0       0       0       0       0       0       0       0       0       0       0       
      +0       0       0       0       0       0       0       0       0       0       0       0       0       0       0       
      +0       0       0       0       0       0       0
   194 ;;      Locals:         4       0       0       0       0       0       0       0       0       0       0       0       
      +0       0       0       0       0       0       0       0       0       0       0       0       0       0       0       
      +0       0       0       0       0       0       0
   195 ;;      Temps:          0       0       0       0       0       0       0       0       0       0       0       0       
      +0       0       0       0       0       0       0       0       0       0       0       0       0       0       0       
      +0       0       0       0       0       0       0
   196 ;;      Totals:         4       0       0       0       0       0       0       0       0       0       0       0       
      +0       0       0       0       0       0       0       0       0       0       0       0       0       0       0       
      +0       0       0       0       0       0       0
   197 ;;Total ram usage:        4 bytes
   198 ;; Hardware stack levels used:    1
   199 ;; This function calls:
   200 ;;		Nothing
   201 ;; This function is called by:
   202 ;;		_main
   203 ;; This function uses a non-reentrant model
   204 ;;
   205                           
   206                           	psect	text1
   207  01FFB0                     __ptext1:
   208                           	callstack 0
   209  01FFB0                     _UserAppRun:
   210                           	callstack 127
   211  01FFB0                     
   212                           ;user_app.c: 97:     while(LATA < 0xC0)
   213  01FFB0  EFF3  F0FF         	goto	l753
   214  01FFB4                     l743:
   215                           
   216                           ;user_app.c: 98:     {;user_app.c: 100:         for(u32 u32Counter=400000; u32Counter>0 
      +                          ; u32Counter--)
   217  01FFB4  0E80               	movlw	128
   218  01FFB6  6E0E               	movwf	UserAppRun@u32Counter^(0+1280),c
   219  01FFB8  0E1A               	movlw	26
   220  01FFBA  6E0F               	movwf	(UserAppRun@u32Counter+1)^(0+1280),c
   221  01FFBC  0E06               	movlw	6
   222  01FFBE  6E10               	movwf	(UserAppRun@u32Counter+2)^(0+1280),c
   223  01FFC0  0E00               	movlw	0
   224  01FFC2  6E11               	movwf	(UserAppRun@u32Counter+3)^(0+1280),c
   225  01FFC4                     l749:
   226                           
   227                           ;user_app.c: 101:         {;user_app.c: 103:         }
   228  01FFC4  060E               	decf	UserAppRun@u32Counter^(0+1280),f,c
   229  01FFC6  0E00               	movlw	0
   230  01FFC8  5A0F               	subwfb	(UserAppRun@u32Counter+1)^(0+1280),f,c
   231  01FFCA  5A10               	subwfb	(UserAppRun@u32Counter+2)^(0+1280),f,c
   232  01FFCC  5A11               	subwfb	(UserAppRun@u32Counter+3)^(0+1280),f,c
   233  01FFCE  500E               	movf	UserAppRun@u32Counter^(0+1280),w,c
   234  01FFD0  100F               	iorwf	(UserAppRun@u32Counter+1)^(0+1280),w,c
   235  01FFD2  1010               	iorwf	(UserAppRun@u32Counter+2)^(0+1280),w,c
   236  01FFD4  1011               	iorwf	(UserAppRun@u32Counter+3)^(0+1280),w,c
   237  01FFD6  A4D8               	btfss	status,2,c
   238  01FFD8  EFF0  F0FF         	goto	u11
   239  01FFDC  EFF2  F0FF         	goto	u10
   240  01FFE0                     u11:
   241  01FFE0  EFE2  F0FF         	goto	l749
   242  01FFE4                     u10:
   243  01FFE4                     
   244                           ;user_app.c: 105:         LATA++;
   245  01FFE4  2ABE               	incf	190,f,c	;volatile
   246  01FFE6                     l753:
   247                           
   248                           ;user_app.c: 97:     while(LATA < 0xC0)
   249  01FFE6  0EBF               	movlw	191
   250  01FFE8  64BE               	cpfsgt	190,c	;volatile
   251  01FFEA  EFF9  F0FF         	goto	u21
   252  01FFEE  EFFB  F0FF         	goto	u20
   253  01FFF2                     u21:
   254  01FFF2  EFDA  F0FF         	goto	l743
   255  01FFF6                     u20:
   256  01FFF6                     
   257                           ;user_app.c: 108:     LATA = 0x80;
   258  01FFF6  0E80               	movlw	128
   259  01FFF8  6EBE               	movwf	190,c	;volatile
   260  01FFFA  0012               	return		;funcret
   261  01FFFC                     __end_of_UserAppRun:
   262                           	callstack 0
   263                           
   264 ;; *************** function _UserAppInitialize *****************
   265 ;; Defined at:
   266 ;;		line 76 in file "user_app.c"
   267 ;; Parameters:    Size  Location     Type
   268 ;;		None
   269 ;; Auto vars:     Size  Location     Type
   270 ;;		None
   271 ;; Return value:  Size  Location     Type
   272 ;;                  1    wreg      void 
   273 ;; Registers used:
   274 ;;		None
   275 ;; Tracked objects:
   276 ;;		On entry : 0/0
   277 ;;		On exit  : 0/0
   278 ;;		Unchanged: 0/0
   279 ;; Data sizes:     COMRAM   BANK5   BANK6   BANK7   BANK8   BANK9  BANK10  BANK11  BANK12  BANK13  BANK14  BANK15  BANK1
      +6  BANK17  BANK18  BANK19  BANK20  BANK21  BANK22  BANK23  BANK24  BANK25  BANK26  BANK27  BANK28  BANK29  BANK30  BANK3
      +1  BANK32  BANK33  BANK34  BANK35  BANK36  BANK37
   280 ;;      Params:         0       0       0       0       0       0       0       0       0       0       0       0       
      +0       0       0       0       0       0       0       0       0       0       0       0       0       0       0       
      +0       0       0       0       0       0       0
   281 ;;      Locals:         0       0       0       0       0       0       0       0       0       0       0       0       
      +0       0       0       0       0       0       0       0       0       0       0       0       0       0       0       
      +0       0       0       0       0       0       0
   282 ;;      Temps:          0       0       0       0       0       0       0       0       0       0       0       0       
      +0       0       0       0       0       0       0       0       0       0       0       0       0       0       0       
      +0       0       0       0       0       0       0
   283 ;;      Totals:         0       0       0       0       0       0       0       0       0       0       0       0       
      +0       0       0       0       0       0       0       0       0       0       0       0       0       0       0       
      +0       0       0       0       0       0       0
   284 ;;Total ram usage:        0 bytes
   285 ;; Hardware stack levels used:    1
   286 ;; This function calls:
   287 ;;		Nothing
   288 ;; This function is called by:
   289 ;;		_main
   290 ;; This function uses a non-reentrant model
   291 ;;
   292                           
   293                           	psect	text2
   294  01FF4E                     __ptext2:
   295                           	callstack 0
   296  01FF4E                     _UserAppInitialize:
   297                           	callstack 127
   298  01FF4E  0012               	return		;funcret
   299  01FF50                     __end_of_UserAppInitialize:
   300                           	callstack 0
   301                           
   302 ;; *************** function _SystemSleep *****************
   303 ;; Defined at:
   304 ;;		line 134 in file "encm369_pic18.c"
   305 ;; Parameters:    Size  Location     Type
   306 ;;		None
   307 ;; Auto vars:     Size  Location     Type
   308 ;;		None
   309 ;; Return value:  Size  Location     Type
   310 ;;                  1    wreg      void 
   311 ;; Registers used:
   312 ;;		None
   313 ;; Tracked objects:
   314 ;;		On entry : 0/0
   315 ;;		On exit  : 0/0
   316 ;;		Unchanged: 0/0
   317 ;; Data sizes:     COMRAM   BANK5   BANK6   BANK7   BANK8   BANK9  BANK10  BANK11  BANK12  BANK13  BANK14  BANK15  BANK1
      +6  BANK17  BANK18  BANK19  BANK20  BANK21  BANK22  BANK23  BANK24  BANK25  BANK26  BANK27  BANK28  BANK29  BANK30  BANK3
      +1  BANK32  BANK33  BANK34  BANK35  BANK36  BANK37
   318 ;;      Params:         0       0       0       0       0       0       0       0       0       0       0       0       
      +0       0       0       0       0       0       0       0       0       0       0       0       0       0       0       
      +0       0       0       0       0       0       0
   319 ;;      Locals:         0       0       0       0       0       0       0       0       0       0       0       0       
      +0       0       0       0       0       0       0       0       0       0       0       0       0       0       0       
      +0       0       0       0       0       0       0
   320 ;;      Temps:          0       0       0       0       0       0       0       0       0       0       0       0       
      +0       0       0       0       0       0       0       0       0       0       0       0       0       0       0       
      +0       0       0       0       0       0       0
   321 ;;      Totals:         0       0       0       0       0       0       0       0       0       0       0       0       
      +0       0       0       0       0       0       0       0       0       0       0       0       0       0       0       
      +0       0       0       0       0       0       0
   322 ;;Total ram usage:        0 bytes
   323 ;; Hardware stack levels used:    1
   324 ;; This function calls:
   325 ;;		Nothing
   326 ;; This function is called by:
   327 ;;		_main
   328 ;; This function uses a non-reentrant model
   329 ;;
   330                           
   331                           	psect	text3
   332  01FF4C                     __ptext3:
   333                           	callstack 0
   334  01FF4C                     _SystemSleep:
   335                           	callstack 127
   336  01FF4C  0012               	return		;funcret
   337  01FF4E                     __end_of_SystemSleep:
   338                           	callstack 0
   339                           
   340 ;; *************** function _SysTickSetup *****************
   341 ;; Defined at:
   342 ;;		line 112 in file "encm369_pic18.c"
   343 ;; Parameters:    Size  Location     Type
   344 ;;		None
   345 ;; Auto vars:     Size  Location     Type
   346 ;;		None
   347 ;; Return value:  Size  Location     Type
   348 ;;                  1    wreg      void 
   349 ;; Registers used:
   350 ;;		wreg, status,2
   351 ;; Tracked objects:
   352 ;;		On entry : 0/0
   353 ;;		On exit  : 0/0
   354 ;;		Unchanged: 0/0
   355 ;; Data sizes:     COMRAM   BANK5   BANK6   BANK7   BANK8   BANK9  BANK10  BANK11  BANK12  BANK13  BANK14  BANK15  BANK1
      +6  BANK17  BANK18  BANK19  BANK20  BANK21  BANK22  BANK23  BANK24  BANK25  BANK26  BANK27  BANK28  BANK29  BANK30  BANK3
      +1  BANK32  BANK33  BANK34  BANK35  BANK36  BANK37
   356 ;;      Params:         0       0       0       0       0       0       0       0       0       0       0       0       
      +0       0       0       0       0       0       0       0       0       0       0       0       0       0       0       
      +0       0       0       0       0       0       0
   357 ;;      Locals:         0       0       0       0       0       0       0       0       0       0       0       0       
      +0       0       0       0       0       0       0       0       0       0       0       0       0       0       0       
      +0       0       0       0       0       0       0
   358 ;;      Temps:          0       0       0       0       0       0       0       0       0       0       0       0       
      +0       0       0       0       0       0       0       0       0       0       0       0       0       0       0       
      +0       0       0       0       0       0       0
   359 ;;      Totals:         0       0       0       0       0       0       0       0       0       0       0       0       
      +0       0       0       0       0       0       0       0       0       0       0       0       0       0       0       
      +0       0       0       0       0       0       0
   360 ;;Total ram usage:        0 bytes
   361 ;; Hardware stack levels used:    1
   362 ;; This function calls:
   363 ;;		Nothing
   364 ;; This function is called by:
   365 ;;		_main
   366 ;; This function uses a non-reentrant model
   367 ;;
   368                           
   369                           	psect	text4
   370  01FF6C                     __ptext4:
   371                           	callstack 0
   372  01FF6C                     _SysTickSetup:
   373                           	callstack 127
   374  01FF6C                     
   375                           ;encm369_pic18.c: 114:   G_u32SystemTime1ms = 0;
   376  01FF6C  0E00               	movlw	0
   377  01FF6E  6E09               	movwf	_G_u32SystemTime1ms^(0+1280),c	;volatile
   378  01FF70  0E00               	movlw	0
   379  01FF72  6E0A               	movwf	(_G_u32SystemTime1ms+1)^(0+1280),c	;volatile
   380  01FF74  0E00               	movlw	0
   381  01FF76  6E0B               	movwf	(_G_u32SystemTime1ms+2)^(0+1280),c	;volatile
   382  01FF78  0E00               	movlw	0
   383  01FF7A  6E0C               	movwf	(_G_u32SystemTime1ms+3)^(0+1280),c	;volatile
   384                           
   385                           ;encm369_pic18.c: 115:   G_u32SystemTime1s = 0;
   386  01FF7C  0E00               	movlw	0
   387  01FF7E  6E05               	movwf	_G_u32SystemTime1s^(0+1280),c	;volatile
   388  01FF80  0E00               	movlw	0
   389  01FF82  6E06               	movwf	(_G_u32SystemTime1s+1)^(0+1280),c	;volatile
   390  01FF84  0E00               	movlw	0
   391  01FF86  6E07               	movwf	(_G_u32SystemTime1s+2)^(0+1280),c	;volatile
   392  01FF88  0E00               	movlw	0
   393  01FF8A  6E08               	movwf	(_G_u32SystemTime1s+3)^(0+1280),c	;volatile
   394  01FF8C  0012               	return		;funcret
   395  01FF8E                     __end_of_SysTickSetup:
   396                           	callstack 0
   397                           
   398 ;; *************** function _GpioSetup *****************
   399 ;; Defined at:
   400 ;;		line 89 in file "encm369_pic18.c"
   401 ;; Parameters:    Size  Location     Type
   402 ;;		None
   403 ;; Auto vars:     Size  Location     Type
   404 ;;		None
   405 ;; Return value:  Size  Location     Type
   406 ;;                  1    wreg      void 
   407 ;; Registers used:
   408 ;;		wreg, status,2
   409 ;; Tracked objects:
   410 ;;		On entry : 0/0
   411 ;;		On exit  : 0/0
   412 ;;		Unchanged: 0/0
   413 ;; Data sizes:     COMRAM   BANK5   BANK6   BANK7   BANK8   BANK9  BANK10  BANK11  BANK12  BANK13  BANK14  BANK15  BANK1
      +6  BANK17  BANK18  BANK19  BANK20  BANK21  BANK22  BANK23  BANK24  BANK25  BANK26  BANK27  BANK28  BANK29  BANK30  BANK3
      +1  BANK32  BANK33  BANK34  BANK35  BANK36  BANK37
   414 ;;      Params:         0       0       0       0       0       0       0       0       0       0       0       0       
      +0       0       0       0       0       0       0       0       0       0       0       0       0       0       0       
      +0       0       0       0       0       0       0
   415 ;;      Locals:         0       0       0       0       0       0       0       0       0       0       0       0       
      +0       0       0       0       0       0       0       0       0       0       0       0       0       0       0       
      +0       0       0       0       0       0       0
   416 ;;      Temps:          0       0       0       0       0       0       0       0       0       0       0       0       
      +0       0       0       0       0       0       0       0       0       0       0       0       0       0       0       
      +0       0       0       0       0       0       0
   417 ;;      Totals:         0       0       0       0       0       0       0       0       0       0       0       0       
      +0       0       0       0       0       0       0       0       0       0       0       0       0       0       0       
      +0       0       0       0       0       0       0
   418 ;;Total ram usage:        0 bytes
   419 ;; Hardware stack levels used:    1
   420 ;; This function calls:
   421 ;;		Nothing
   422 ;; This function is called by:
   423 ;;		_main
   424 ;; This function uses a non-reentrant model
   425 ;;
   426                           
   427                           	psect	text5
   428  01FF50                     __ptext5:
   429                           	callstack 0
   430  01FF50                     _GpioSetup:
   431                           	callstack 127
   432  01FF50                     
   433                           ;encm369_pic18.c: 92:     TRISA = 0x00;
   434  01FF50  0E00               	movlw	0
   435  01FF52  6EC6               	movwf	198,c	;volatile
   436                           
   437                           ;encm369_pic18.c: 94:     LATA = 0x80;
   438  01FF54  0E80               	movlw	128
   439  01FF56  6EBE               	movwf	190,c	;volatile
   440  01FF58  0012               	return		;funcret
   441  01FF5A                     __end_of_GpioSetup:
   442                           	callstack 0
   443                           
   444 ;; *************** function _ClockSetup *****************
   445 ;; Defined at:
   446 ;;		line 70 in file "encm369_pic18.c"
   447 ;; Parameters:    Size  Location     Type
   448 ;;		None
   449 ;; Auto vars:     Size  Location     Type
   450 ;;		None
   451 ;; Return value:  Size  Location     Type
   452 ;;                  1    wreg      void 
   453 ;; Registers used:
   454 ;;		None
   455 ;; Tracked objects:
   456 ;;		On entry : 0/0
   457 ;;		On exit  : 0/0
   458 ;;		Unchanged: 0/0
   459 ;; Data sizes:     COMRAM   BANK5   BANK6   BANK7   BANK8   BANK9  BANK10  BANK11  BANK12  BANK13  BANK14  BANK15  BANK1
      +6  BANK17  BANK18  BANK19  BANK20  BANK21  BANK22  BANK23  BANK24  BANK25  BANK26  BANK27  BANK28  BANK29  BANK30  BANK3
      +1  BANK32  BANK33  BANK34  BANK35  BANK36  BANK37
   460 ;;      Params:         0       0       0       0       0       0       0       0       0       0       0       0       
      +0       0       0       0       0       0       0       0       0       0       0       0       0       0       0       
      +0       0       0       0       0       0       0
   461 ;;      Locals:         0       0       0       0       0       0       0       0       0       0       0       0       
      +0       0       0       0       0       0       0       0       0       0       0       0       0       0       0       
      +0       0       0       0       0       0       0
   462 ;;      Temps:          0       0       0       0       0       0       0       0       0       0       0       0       
      +0       0       0       0       0       0       0       0       0       0       0       0       0       0       0       
      +0       0       0       0       0       0       0
   463 ;;      Totals:         0       0       0       0       0       0       0       0       0       0       0       0       
      +0       0       0       0       0       0       0       0       0       0       0       0       0       0       0       
      +0       0       0       0       0       0       0
   464 ;;Total ram usage:        0 bytes
   465 ;; Hardware stack levels used:    1
   466 ;; This function calls:
   467 ;;		Nothing
   468 ;; This function is called by:
   469 ;;		_main
   470 ;; This function uses a non-reentrant model
   471 ;;
   472                           
   473                           	psect	text6
   474  01FF4A                     __ptext6:
   475                           	callstack 0
   476  01FF4A                     _ClockSetup:
   477                           	callstack 127
   478  01FF4A  0012               	return		;funcret
   479  01FF4C                     __end_of_ClockSetup:
   480                           	callstack 0
   481  0000                     
   482                           	psect	rparam
   483  0000                     
   484                           	psect	idloc
   485                           
   486                           ;Config register IDLOC0 @ 0x200000
   487                           ;	unspecified, using default values
   488  200000                     	org	2097152
   489  200000  0FFF               	dw	4095
   490                           
   491                           ;Config register IDLOC1 @ 0x200002
   492                           ;	unspecified, using default values
   493  200002                     	org	2097154
   494  200002  0FFF               	dw	4095
   495                           
   496                           ;Config register IDLOC2 @ 0x200004
   497                           ;	unspecified, using default values
   498  200004                     	org	2097156
   499  200004  0FFF               	dw	4095
   500                           
   501                           ;Config register IDLOC3 @ 0x200006
   502                           ;	unspecified, using default values
   503  200006                     	org	2097158
   504  200006  0FFF               	dw	4095
   505                           
   506                           ;Config register IDLOC4 @ 0x200008
   507                           ;	unspecified, using default values
   508  200008                     	org	2097160
   509  200008  0FFF               	dw	4095
   510                           
   511                           ;Config register IDLOC5 @ 0x20000A
   512                           ;	unspecified, using default values
   513  20000A                     	org	2097162
   514  20000A  0FFF               	dw	4095
   515                           
   516                           ;Config register IDLOC6 @ 0x20000C
   517                           ;	unspecified, using default values
   518  20000C                     	org	2097164
   519  20000C  0FFF               	dw	4095
   520                           
   521                           ;Config register IDLOC7 @ 0x20000E
   522                           ;	unspecified, using default values
   523  20000E                     	org	2097166
   524  20000E  0FFF               	dw	4095
   525                           
   526                           ;Config register IDLOC8 @ 0x200010
   527                           ;	unspecified, using default values
   528  200010                     	org	2097168
   529  200010  0FFF               	dw	4095
   530                           
   531                           ;Config register IDLOC9 @ 0x200012
   532                           ;	unspecified, using default values
   533  200012                     	org	2097170
   534  200012  0FFF               	dw	4095
   535                           
   536                           ;Config register IDLOC10 @ 0x200014
   537                           ;	unspecified, using default values
   538  200014                     	org	2097172
   539  200014  0FFF               	dw	4095
   540                           
   541                           ;Config register IDLOC11 @ 0x200016
   542                           ;	unspecified, using default values
   543  200016                     	org	2097174
   544  200016  0FFF               	dw	4095
   545                           
   546                           ;Config register IDLOC12 @ 0x200018
   547                           ;	unspecified, using default values
   548  200018                     	org	2097176
   549  200018  0FFF               	dw	4095
   550                           
   551                           ;Config register IDLOC13 @ 0x20001A
   552                           ;	unspecified, using default values
   553  20001A                     	org	2097178
   554  20001A  0FFF               	dw	4095
   555                           
   556                           ;Config register IDLOC14 @ 0x20001C
   557                           ;	unspecified, using default values
   558  20001C                     	org	2097180
   559  20001C  0FFF               	dw	4095
   560                           
   561                           ;Config register IDLOC15 @ 0x20001E
   562                           ;	unspecified, using default values
   563  20001E                     	org	2097182
   564  20001E  0FFF               	dw	4095
   565                           
   566                           	psect	config
   567                           
   568                           ;Config register CONFIG1 @ 0x300000
   569                           ;	External Oscillator Selection
   570                           ;	FEXTOSC = OFF, Oscillator not enabled
   571                           ;	Reset Oscillator Selection
   572                           ;	RSTOSC = HFINTOSC_64MHZ, HFINTOSC with HFFRQ = 64 MHz and CDIV = 1:1
   573  300000                     	org	3145728
   574  300000  8C                 	db	140
   575                           
   576                           ;Config register CONFIG2 @ 0x300001
   577                           ;	Clock out Enable bit
   578                           ;	CLKOUTEN = ON, CLKOUT function is enabled
   579                           ;	PRLOCKED One-Way Set Enable bit
   580                           ;	PR1WAY = ON, PRLOCKED bit can be cleared and set only once
   581                           ;	Clock Switch Enable bit
   582                           ;	CSWEN = ON, Writing to NOSC and NDIV is allowed
   583                           ;	Fail-Safe Clock Monitor Enable bit
   584                           ;	FCMEN = ON, Fail-Safe Clock Monitor enabled
   585  300001                     	org	3145729
   586  300001  FE                 	db	254
   587                           
   588                           ;Config register CONFIG3 @ 0x300002
   589                           ;	MCLR Enable bit
   590                           ;	MCLRE = EXTMCLR, If LVP = 0, MCLR pin is MCLR; If LVP = 1, RE3 pin function is MCLR
   591                           ;	Power-up timer selection bits
   592                           ;	PWRTS = PWRT_OFF, PWRT is disabled
   593                           ;	Multi-vector enable bit
   594                           ;	MVECEN = ON, Multi-vector enabled, Vector table used for interrupts
   595                           ;	IVTLOCK bit One-way set enable bit
   596                           ;	IVT1WAY = ON, IVTLOCKED bit can be cleared and set only once
   597                           ;	Low Power BOR Enable bit
   598                           ;	LPBOREN = OFF, Low-Power BOR disabled
   599                           ;	Brown-out Reset Enable bits
   600                           ;	BOREN = SBORDIS, Brown-out Reset enabled , SBOREN bit is ignored
   601  300002                     	org	3145730
   602  300002  FF                 	db	255
   603                           
   604                           ;Config register CONFIG4 @ 0x300003
   605                           ;	Brown-out Reset Voltage Selection bits
   606                           ;	BORV = VBOR_2P85, Brown-out Reset Voltage (VBOR) set to 2.8V
   607                           ;	ZCD Disable bit
   608                           ;	ZCD = OFF, ZCD module is disabled. ZCD can be enabled by setting the ZCDSEN bit of ZCD
      +                          CON
   609                           ;	PPSLOCK bit One-Way Set Enable bit
   610                           ;	PPS1WAY = ON, PPSLOCKED bit can be cleared and set only once; PPS registers remain loc
      +                          ked after one clear/set cycle
   611                           ;	Stack Full/Underflow Reset Enable bit
   612                           ;	STVREN = ON, Stack full/underflow will cause Reset
   613                           ;	Low Voltage Programming Enable bit
   614                           ;	LVP = ON, Low voltage programming enabled. MCLR/VPP pin function is MCLR. MCLRE config
      +                          uration bit is ignored
   615                           ;	Extended Instruction Set Enable bit
   616                           ;	XINST = OFF, Extended Instruction Set and Indexed Addressing Mode disabled
   617  300003                     	org	3145731
   618  300003  FC                 	db	252
   619                           
   620                           ;Config register CONFIG5 @ 0x300004
   621                           ;	WDT Period selection bits
   622                           ;	WDTCPS = WDTCPS_31, Divider ratio 1:65536; software control of WDTPS
   623                           ;	WDT operating mode
   624                           ;	WDTE = OFF, WDT Disabled; SWDTEN is ignored
   625  300004                     	org	3145732
   626  300004  9F                 	db	159
   627                           
   628                           ;Config register CONFIG6 @ 0x300005
   629                           ;	WDT Window Select bits
   630                           ;	WDTCWS = WDTCWS_7, window always open (100%); software control; keyed access not requi
      +                          red
   631                           ;	WDT input clock selector
   632                           ;	WDTCCS = SC, Software Control
   633  300005                     	org	3145733
   634  300005  FF                 	db	255
   635                           
   636                           ;Config register CONFIG7 @ 0x300006
   637                           ;	Boot Block Size selection bits
   638                           ;	BBSIZE = BBSIZE_512, Boot Block size is 512 words
   639                           ;	Boot Block enable bit
   640                           ;	BBEN = OFF, Boot block disabled
   641                           ;	Storage Area Flash enable bit
   642                           ;	SAFEN = OFF, SAF disabled
   643                           ;	Background Debugger
   644                           ;	DEBUG = OFF, Background Debugger disabled
   645  300006                     	org	3145734
   646  300006  FF                 	db	255
   647                           
   648                           ;Config register CONFIG8 @ 0x300007
   649                           ;	Boot Block Write Protection bit
   650                           ;	WRTB = OFF, Boot Block not Write protected
   651                           ;	Configuration Register Write Protection bit
   652                           ;	WRTC = OFF, Configuration registers not Write protected
   653                           ;	Data EEPROM Write Protection bit
   654                           ;	WRTD = OFF, Data EEPROM not Write protected
   655                           ;	SAF Write protection bit
   656                           ;	WRTSAF = OFF, SAF not Write Protected
   657                           ;	Application Block write protection bit
   658                           ;	WRTAPP = OFF, Application Block not write protected
   659  300007                     	org	3145735
   660  300007  FF                 	db	255
   661                           
   662                           ; Padding undefined space
   663  300008                     	org	3145736
   664  300008  FF                 	db	255
   665                           
   666                           ;Config register CONFIG10 @ 0x300009
   667                           ;	PFM and Data EEPROM Code Protection bit
   668                           ;	CP = OFF, PFM and Data EEPROM code protection disabled
   669  300009                     	org	3145737
   670  300009  FF                 	db	255
   671                           tosu	equ	0x4FF
   672                           tosh	equ	0x4FE
   673                           tosl	equ	0x4FD
   674                           stkptr	equ	0x4FC
   675                           pclatu	equ	0x4FB
   676                           pclath	equ	0x4FA
   677                           pcl	equ	0x4F9
   678                           tblptru	equ	0x4F8
   679                           tblptrh	equ	0x4F7
   680                           tblptrl	equ	0x4F6
   681                           tablat	equ	0x4F5
   682                           prodh	equ	0x4F4
   683                           prodl	equ	0x4F3
   684                           indf0	equ	0x4EF
   685                           postinc0	equ	0x4EE
   686                           postdec0	equ	0x4ED
   687                           preinc0	equ	0x4EC
   688                           plusw0	equ	0x4EB
   689                           fsr0h	equ	0x4EA
   690                           fsr0l	equ	0x4E9
   691                           wreg	equ	0x4E8
   692                           indf1	equ	0x4E7
   693                           postinc1	equ	0x4E6
   694                           postdec1	equ	0x4E5
   695                           preinc1	equ	0x4E4
   696                           plusw1	equ	0x4E3
   697                           fsr1h	equ	0x4E2
   698                           fsr1l	equ	0x4E1
   699                           bsr	equ	0x4E0
   700                           indf2	equ	0x4DF
   701                           postinc2	equ	0x4DE
   702                           postdec2	equ	0x4DD
   703                           preinc2	equ	0x4DC
   704                           plusw2	equ	0x4DB
   705                           fsr2h	equ	0x4DA
   706                           fsr2l	equ	0x4D9
   707                           status	equ	0x4D8

Data Sizes:
    Strings     0
    Constant    0
    Data        0
    BSS         13
    Persistent  0
    Stack       0

Auto Spaces:
    Space          Size  Autos    Used
    COMRAM           95      4      17
    BANK5           160      0       0
    BANK6           256      0       0
    BANK7           256      0       0
    BANK8           256      0       0
    BANK9           256      0       0
    BANK10          256      0       0
    BANK11          256      0       0
    BANK12          256      0       0
    BANK13          256      0       0
    BANK14          256      0       0
    BANK15          256      0       0
    BANK16          256      0       0
    BANK17          256      0       0
    BANK18          256      0       0
    BANK19          256      0       0
    BANK20          256      0       0
    BANK21          256      0       0
    BANK22          256      0       0
    BANK23          256      0       0
    BANK24          256      0       0
    BANK25          256      0       0
    BANK26          256      0       0
    BANK27          256      0       0
    BANK28          256      0       0
    BANK29          256      0       0
    BANK30          256      0       0
    BANK31          256      0       0
    BANK32          256      0       0
    BANK33          256      0       0
    BANK34          256      0       0
    BANK35          256      0       0
    BANK36          256      0       0
    BANK37          256      0       0

Pointer List with Targets:

    None.

Critical Paths under _main in COMRAM

    _main->_UserAppRun

Critical Paths under _main in BANK5

    None.

Critical Paths under _main in BANK6

    None.

Critical Paths under _main in BANK7

    None.

Critical Paths under _main in BANK8

    None.

Critical Paths under _main in BANK9

    None.

Critical Paths under _main in BANK10

    None.

Critical Paths under _main in BANK11

    None.

Critical Paths under _main in BANK12

    None.

Critical Paths under _main in BANK13

    None.

Critical Paths under _main in BANK14

    None.

Critical Paths under _main in BANK15

    None.

Critical Paths under _main in BANK16

    None.

Critical Paths under _main in BANK17

    None.

Critical Paths under _main in BANK18

    None.

Critical Paths under _main in BANK19

    None.

Critical Paths under _main in BANK20

    None.

Critical Paths under _main in BANK21

    None.

Critical Paths under _main in BANK22

    None.

Critical Paths under _main in BANK23

    None.

Critical Paths under _main in BANK24

    None.

Critical Paths under _main in BANK25

    None.

Critical Paths under _main in BANK26

    None.

Critical Paths under _main in BANK27

    None.

Critical Paths under _main in BANK28

    None.

Critical Paths under _main in BANK29

    None.

Critical Paths under _main in BANK30

    None.

Critical Paths under _main in BANK31

    None.

Critical Paths under _main in BANK32

    None.

Critical Paths under _main in BANK33

    None.

Critical Paths under _main in BANK34

    None.

Critical Paths under _main in BANK35

    None.

Critical Paths under _main in BANK36

    None.

Critical Paths under _main in BANK37

    None.

Call Graph Tables:

 ---------------------------------------------------------------------------------
 (Depth) Function   	        Calls       Base Space   Used Autos Params    Refs
 ---------------------------------------------------------------------------------
 (0) _main                                                 0     0      0      30
                         _ClockSetup
                          _GpioSetup
                       _SysTickSetup
                        _SystemSleep
                  _UserAppInitialize
                         _UserAppRun
 ---------------------------------------------------------------------------------
 (1) _UserAppRun                                           4     4      0      30
                                              0 COMRAM     4     4      0
 ---------------------------------------------------------------------------------
 (1) _UserAppInitialize                                    0     0      0       0
 ---------------------------------------------------------------------------------
 (1) _SystemSleep                                          0     0      0       0
 ---------------------------------------------------------------------------------
 (1) _SysTickSetup                                         0     0      0       0
 ---------------------------------------------------------------------------------
 (1) _GpioSetup                                            0     0      0       0
 ---------------------------------------------------------------------------------
 (1) _ClockSetup                                           0     0      0       0
 ---------------------------------------------------------------------------------
 Estimated maximum stack depth 1
 ---------------------------------------------------------------------------------

 Call Graph Graphs:

 _main (ROOT)
   _ClockSetup
   _GpioSetup
   _SysTickSetup
   _SystemSleep
   _UserAppInitialize
   _UserAppRun

 Address spaces:
Name               Size   Autos  Total    Cost      Usage
BIGRAM            20FF      0       0      71        0.0%
EEDATA             400      0       0       0        0.0%
BITBANK37          100      0       0      70        0.0%
BANK37             100      0       0      68        0.0%
BITBANK36          100      0       0      66        0.0%
BANK36             100      0       0      67        0.0%
BITBANK35          100      0       0      64        0.0%
BANK35             100      0       0      65        0.0%
BITBANK34          100      0       0      62        0.0%
BANK34             100      0       0      63        0.0%
BITBANK33          100      0       0      60        0.0%
BANK33             100      0       0      61        0.0%
BITBANK32          100      0       0      58        0.0%
BANK32             100      0       0      59        0.0%
BITBANK31          100      0       0      56        0.0%
BANK31             100      0       0      57        0.0%
BITBANK30          100      0       0      54        0.0%
BANK30             100      0       0      55        0.0%
BITBANK29          100      0       0      52        0.0%
BANK29             100      0       0      53        0.0%
BITBANK28          100      0       0      50        0.0%
BANK28             100      0       0      51        0.0%
BITBANK27          100      0       0      48        0.0%
BANK27             100      0       0      49        0.0%
BITBANK26          100      0       0      46        0.0%
BANK26             100      0       0      47        0.0%
BITBANK25          100      0       0      44        0.0%
BANK25             100      0       0      45        0.0%
BITBANK24          100      0       0      42        0.0%
BANK24             100      0       0      43        0.0%
BITBANK23          100      0       0      40        0.0%
BANK23             100      0       0      41        0.0%
BITBANK22          100      0       0      38        0.0%
BANK22             100      0       0      39        0.0%
BITBANK21          100      0       0      36        0.0%
BANK21             100      0       0      37        0.0%
BITBANK20          100      0       0      34        0.0%
BANK20             100      0       0      35        0.0%
BITBANK19          100      0       0      32        0.0%
BANK19             100      0       0      33        0.0%
BITBANK18          100      0       0      30        0.0%
BANK18             100      0       0      31        0.0%
BITBANK17          100      0       0      28        0.0%
BANK17             100      0       0      29        0.0%
BITBANK16          100      0       0      26        0.0%
BANK16             100      0       0      27        0.0%
BITBANK15          100      0       0      24        0.0%
BANK15             100      0       0      25        0.0%
BITBANK14          100      0       0      22        0.0%
BANK14             100      0       0      23        0.0%
BITBANK13          100      0       0      20        0.0%
BANK13             100      0       0      21        0.0%
BITBANK12          100      0       0      18        0.0%
BANK12             100      0       0      19        0.0%
BITBANK11          100      0       0      16        0.0%
BANK11             100      0       0      17        0.0%
BITBANK10          100      0       0      14        0.0%
BANK10             100      0       0      15        0.0%
BITBANK9           100      0       0      12        0.0%
BANK9              100      0       0      13        0.0%
BITBANK8           100      0       0      10        0.0%
BANK8              100      0       0      11        0.0%
BITBANK7           100      0       0       8        0.0%
BANK7              100      0       0       9        0.0%
BITBANK6           100      0       0       6        0.0%
BANK6              100      0       0       7        0.0%
BITBANK5            A0      0       0       4        0.0%
BANK5               A0      0       0       5        0.0%
BITCOMRAM           5F      0       0       0        0.0%
COMRAM              5F      4      11       1       17.9%
BITSFR_5             0      0       0     200        0.0%
SFR_5                0      0       0     200        0.0%
BITSFR_4             0      0       0     200        0.0%
SFR_4                0      0       0     200        0.0%
BITSFR_3             0      0       0     200        0.0%
SFR_3                0      0       0     200        0.0%
BITSFR_2             0      0       0     200        0.0%
SFR_2                0      0       0     200        0.0%
BITSFR_1             0      0       0     200        0.0%
SFR_1                0      0       0     200        0.0%
BITSFR               0      0       0     200        0.0%
SFR                  0      0       0     200        0.0%
STACK                0      0       0       2        0.0%
NULL                 0      0       0       0        0.0%
ABS                  0      0      11      69        0.0%
DATA                 0      0      11       3        0.0%
CODE                 0      0       0       0        0.0%


Microchip Technology PIC18 Macro Assembler V2.31 build 20201012212115 
Symbol Table                                                                                   Sun Feb 07 21:51:17 2021

     __size_of_SysTickSetup 0022                          l11 FF4A                          l20 FF4C  
                        l14 FF58                          l17 FF8C                          l53 FF4E  
                        l61 FFFA                          u10 FFE4                          u11 FFE0  
                        u20 FFF6                          u21 FFF2                         l741 FFB0  
                       l751 FFE4                         l743 FFB4                         l737 FF50  
                       l753 FFE6                         l771 FF6C                         l755 FFF6  
                       l749 FFC4                         l781 FF9C                         l773 FF8E  
                       l783 FFA0                         l775 FF90                         l785 FFA4  
                       l777 FF94                         l779 FF98                         wreg 0004E8  
                      _LATA 0004BE                        _main FF8E                _SysTickSetup FF6C  
                      start FFFC        __size_of_SystemSleep 0002                ___param_bank 000000  
                _ClockSetup FF4A                       ?_main 050E                       _TRISA 0004C6  
                     status 0004D8             __initialization FF5A                __end_of_main FFB0  
                    ??_main 0512               __activetblptr 000000          __size_of_GpioSetup 000A  
               ?_ClockSetup 050E                      clear_0 FF60                  _UserAppRun FFB0  
                __accesstop 0560     __end_of__initialization FF66               ___rparam_used 000001  
          _G_u8UserAppFlags 050D              __pcstackCOMRAM 050E           __end_of_GpioSetup FF5A  
       __size_of_ClockSetup 0002                 ?_UserAppRun 050E               ??_SystemSleep 050E  
                   __Hparam 0000                     __Lparam 0000                     __pcinit FF5A  
                   __ramtop 2600                     __ptext0 FF8E                     __ptext1 FFB0  
                   __ptext2 FF4E                     __ptext3 FF4C                     __ptext4 FF6C  
                   __ptext5 FF50                     __ptext6 FF4A        end_of_initialization FF66  
          _G_u32SystemFlags 0501                     postinc0 0004EE         __end_of_SystemSleep FF4E  
              ??_ClockSetup 050E         __size_of_UserAppRun 004C        UserAppRun@u32Counter 050E  
        __end_of_ClockSetup FF4C                   _GpioSetup FF50         start_initialization FF5A  
             ?_SysTickSetup 050E                 _SystemSleep FF4C                  ?_GpioSetup 050E  
               __pbssCOMRAM 0501           _UserAppInitialize FF4E                ??_UserAppRun 050E  
        ?_UserAppInitialize 050E              ??_SysTickSetup 050E         ??_UserAppInitialize 050E  
        __end_of_UserAppRun FFFC   __end_of_UserAppInitialize FF50                 ??_GpioSetup 050E  
                  __Hrparam 0000                    __Lrparam 0000        __end_of_SysTickSetup FF8E  
__size_of_UserAppInitialize 0002               __size_of_main 0022                ?_SystemSleep 050E  
        _G_u32SystemTime1ms 0509           _G_u32SystemTime1s 0505  
